<explain xmlns="http://www.postgresql.org/2009/explain">
  <Query>
    <Plan>
      <Node-Type>Aggregate</Node-Type>
      <Strategy>Sorted</Strategy>
      <Startup-Cost>185.97</Startup-Cost>
      <Total-Cost>185.99</Total-Cost>
      <Plan-Rows>1</Plan-Rows>
      <Plan-Width>43</Plan-Width>
      <Output>
        <Item>ship_mode.sm_type</Item>
        <Item>call_center.cc_name</Item>
        <Item>count(*)</Item>
      </Output>
      <Group-Key>
        <Item>ship_mode.sm_type</Item>
        <Item>call_center.cc_name</Item>
      </Group-Key>
      <Plans>
        <Plan>
          <Node-Type>Sort</Node-Type>
          <Parent-Relationship>Outer</Parent-Relationship>
          <Startup-Cost>185.97</Startup-Cost>
          <Total-Cost>185.98</Total-Cost>
          <Plan-Rows>1</Plan-Rows>
          <Plan-Width>43</Plan-Width>
          <Output>
            <Item>ship_mode.sm_type</Item>
            <Item>call_center.cc_name</Item>
          </Output>
          <Sort-Key>
            <Item>ship_mode.sm_type</Item>
            <Item>call_center.cc_name</Item>
          </Sort-Key>
          <Plans>
            <Plan>
              <Node-Type>Nested Loop</Node-Type>
              <Parent-Relationship>Outer</Parent-Relationship>
              <Join-Type>Inner</Join-Type>
              <Startup-Cost>168.88</Startup-Cost>
              <Total-Cost>185.96</Total-Cost>
              <Plan-Rows>1</Plan-Rows>
              <Plan-Width>43</Plan-Width>
              <Output>
                <Item>ship_mode.sm_type</Item>
                <Item>call_center.cc_name</Item>
              </Output>
              <Plans>
                <Plan>
                  <Node-Type>Nested Loop</Node-Type>
                  <Parent-Relationship>Outer</Parent-Relationship>
                  <Join-Type>Inner</Join-Type>
                  <Startup-Cost>168.75</Startup-Cost>
                  <Total-Cost>185.80</Total-Cost>
                  <Plan-Rows>1</Plan-Rows>
                  <Plan-Width>35</Plan-Width>
                  <Output>
                    <Item>catalog_sales.cs_call_center_sk</Item>
                    <Item>ship_mode.sm_type</Item>
                  </Output>
                  <Plans>
                    <Plan>
                      <Node-Type>Hash Join</Node-Type>
                      <Parent-Relationship>Outer</Parent-Relationship>
                      <Join-Type>Inner</Join-Type>
                      <Startup-Cost>168.61</Startup-Cost>
                      <Total-Cost>185.63</Total-Cost>
                      <Plan-Rows>1</Plan-Rows>
                      <Plan-Width>8</Plan-Width>
                      <Output>
                        <Item>catalog_sales.cs_ship_mode_sk</Item>
                        <Item>catalog_sales.cs_call_center_sk</Item>
                      </Output>
                      <Hash-Cond>(date_dim.d_date_sk = catalog_sales.cs_ship_date_sk)</Hash-Cond>
                      <Plans>
                        <Plan>
                          <Node-Type>Index Scan</Node-Type>
                          <Parent-Relationship>Outer</Parent-Relationship>
                          <Scan-Direction>Forward</Scan-Direction>
                          <Index-Name>date_dim_d_year_idx</Index-Name>
                          <Relation-Name>date_dim</Relation-Name>
                          <Schema>public</Schema>
                          <Alias>date_dim</Alias>
                          <Startup-Cost>0.29</Startup-Cost>
                          <Total-Cost>15.95</Total-Cost>
                          <Plan-Rows>363</Plan-Rows>
                          <Plan-Width>4</Plan-Width>
                          <Output>
                            <Item>date_dim.d_date_sk</Item>
                            <Item>date_dim.d_date_id</Item>
                            <Item>date_dim.d_date</Item>
                            <Item>date_dim.d_month_seq</Item>
                            <Item>date_dim.d_week_seq</Item>
                            <Item>date_dim.d_quarter_seq</Item>
                            <Item>date_dim.d_year</Item>
                            <Item>date_dim.d_dow</Item>
                            <Item>date_dim.d_moy</Item>
                            <Item>date_dim.d_dom</Item>
                            <Item>date_dim.d_qoy</Item>
                            <Item>date_dim.d_fy_year</Item>
                            <Item>date_dim.d_fy_quarter_seq</Item>
                            <Item>date_dim.d_fy_week_seq</Item>
                            <Item>date_dim.d_day_name</Item>
                            <Item>date_dim.d_quarter_name</Item>
                            <Item>date_dim.d_holiday</Item>
                            <Item>date_dim.d_weekend</Item>
                            <Item>date_dim.d_following_holiday</Item>
                            <Item>date_dim.d_first_dom</Item>
                            <Item>date_dim.d_last_dom</Item>
                            <Item>date_dim.d_same_day_ly</Item>
                            <Item>date_dim.d_same_day_lq</Item>
                            <Item>date_dim.d_current_day</Item>
                            <Item>date_dim.d_current_week</Item>
                            <Item>date_dim.d_current_month</Item>
                            <Item>date_dim.d_current_quarter</Item>
                            <Item>date_dim.d_current_year</Item>
                          </Output>
                          <Index-Cond>(date_dim.d_year = 2002)</Index-Cond>
                        </Plan>
                        <Plan>
                          <Node-Type>Hash</Node-Type>
                          <Parent-Relationship>Inner</Parent-Relationship>
                          <Startup-Cost>166.53</Startup-Cost>
                          <Total-Cost>166.53</Total-Cost>
                          <Plan-Rows>143</Plan-Rows>
                          <Plan-Width>12</Plan-Width>
                          <Output>
                            <Item>catalog_sales.cs_ship_date_sk</Item>
                            <Item>catalog_sales.cs_ship_mode_sk</Item>
                            <Item>catalog_sales.cs_call_center_sk</Item>
                          </Output>
                          <Plans>
                            <Plan>
                              <Node-Type>Nested Loop</Node-Type>
                              <Parent-Relationship>Outer</Parent-Relationship>
                              <Join-Type>Inner</Join-Type>
                              <Startup-Cost>0.43</Startup-Cost>
                              <Total-Cost>166.53</Total-Cost>
                              <Plan-Rows>143</Plan-Rows>
                              <Plan-Width>12</Plan-Width>
                              <Output>
                                <Item>catalog_sales.cs_ship_date_sk</Item>
                                <Item>catalog_sales.cs_ship_mode_sk</Item>
                                <Item>catalog_sales.cs_call_center_sk</Item>
                              </Output>
                              <Plans>
                                <Plan>
                                  <Node-Type>Seq Scan</Node-Type>
                                  <Parent-Relationship>Outer</Parent-Relationship>
                                  <Relation-Name>warehouse</Relation-Name>
                                  <Schema>public</Schema>
                                  <Alias>warehouse</Alias>
                                  <Startup-Cost>0.00</Startup-Cost>
                                  <Total-Cost>1.05</Total-Cost>
                                  <Plan-Rows>5</Plan-Rows>
                                  <Plan-Width>4</Plan-Width>
                                  <Output>
                                    <Item>warehouse.w_warehouse_sk</Item>
                                    <Item>warehouse.w_warehouse_id</Item>
                                    <Item>warehouse.w_warehouse_name</Item>
                                    <Item>warehouse.w_warehouse_sq_ft</Item>
                                    <Item>warehouse.w_street_number</Item>
                                    <Item>warehouse.w_street_name</Item>
                                    <Item>warehouse.w_street_type</Item>
                                    <Item>warehouse.w_suite_number</Item>
                                    <Item>warehouse.w_city</Item>
                                    <Item>warehouse.w_county</Item>
                                    <Item>warehouse.w_state</Item>
                                    <Item>warehouse.w_zip</Item>
                                    <Item>warehouse.w_country</Item>
                                    <Item>warehouse.w_gmt_offset</Item>
                                  </Output>
                                </Plan>
                                <Plan>
                                  <Node-Type>Index Scan</Node-Type>
                                  <Parent-Relationship>Inner</Parent-Relationship>
                                  <Scan-Direction>Forward</Scan-Direction>
                                  <Index-Name>catalog_sales_cs_warehouse_sk_idx</Index-Name>
                                  <Relation-Name>catalog_sales</Relation-Name>
                                  <Schema>public</Schema>
                                  <Alias>catalog_sales</Alias>
                                  <Startup-Cost>0.43</Startup-Cost>
                                  <Total-Cost>32.81</Total-Cost>
                                  <Plan-Rows>29</Plan-Rows>
                                  <Plan-Width>16</Plan-Width>
                                  <Output>
                                    <Item>catalog_sales.cs_sold_date_sk</Item>
                                    <Item>catalog_sales.cs_sold_time_sk</Item>
                                    <Item>catalog_sales.cs_ship_date_sk</Item>
                                    <Item>catalog_sales.cs_bill_customer_sk</Item>
                                    <Item>catalog_sales.cs_bill_cdemo_sk</Item>
                                    <Item>catalog_sales.cs_bill_hdemo_sk</Item>
                                    <Item>catalog_sales.cs_bill_addr_sk</Item>
                                    <Item>catalog_sales.cs_ship_customer_sk</Item>
                                    <Item>catalog_sales.cs_ship_cdemo_sk</Item>
                                    <Item>catalog_sales.cs_ship_hdemo_sk</Item>
                                    <Item>catalog_sales.cs_ship_addr_sk</Item>
                                    <Item>catalog_sales.cs_call_center_sk</Item>
                                    <Item>catalog_sales.cs_catalog_page_sk</Item>
                                    <Item>catalog_sales.cs_ship_mode_sk</Item>
                                    <Item>catalog_sales.cs_warehouse_sk</Item>
                                    <Item>catalog_sales.cs_item_sk</Item>
                                    <Item>catalog_sales.cs_promo_sk</Item>
                                    <Item>catalog_sales.cs_order_number</Item>
                                    <Item>catalog_sales.cs_quantity</Item>
                                    <Item>catalog_sales.cs_wholesale_cost</Item>
                                    <Item>catalog_sales.cs_list_price</Item>
                                    <Item>catalog_sales.cs_sales_price</Item>
                                    <Item>catalog_sales.cs_ext_discount_amt</Item>
                                    <Item>catalog_sales.cs_ext_sales_price</Item>
                                    <Item>catalog_sales.cs_ext_wholesale_cost</Item>
                                    <Item>catalog_sales.cs_ext_list_price</Item>
                                    <Item>catalog_sales.cs_ext_tax</Item>
                                    <Item>catalog_sales.cs_coupon_amt</Item>
                                    <Item>catalog_sales.cs_ext_ship_cost</Item>
                                    <Item>catalog_sales.cs_net_paid</Item>
                                    <Item>catalog_sales.cs_net_paid_inc_tax</Item>
                                    <Item>catalog_sales.cs_net_paid_inc_ship</Item>
                                    <Item>catalog_sales.cs_net_paid_inc_ship_tax</Item>
                                    <Item>catalog_sales.cs_net_profit</Item>
                                  </Output>
                                  <Index-Cond>(catalog_sales.cs_warehouse_sk = warehouse.w_warehouse_sk)</Index-Cond>
                                </Plan>
                              </Plans>
                            </Plan>
                          </Plans>
                        </Plan>
                      </Plans>
                    </Plan>
                    <Plan>
                      <Node-Type>Index Scan</Node-Type>
                      <Parent-Relationship>Inner</Parent-Relationship>
                      <Scan-Direction>Forward</Scan-Direction>
                      <Index-Name>ship_mode_pkey</Index-Name>
                      <Relation-Name>ship_mode</Relation-Name>
                      <Schema>public</Schema>
                      <Alias>ship_mode</Alias>
                      <Startup-Cost>0.14</Startup-Cost>
                      <Total-Cost>0.16</Total-Cost>
                      <Plan-Rows>1</Plan-Rows>
                      <Plan-Width>35</Plan-Width>
                      <Output>
                        <Item>ship_mode.sm_ship_mode_sk</Item>
                        <Item>ship_mode.sm_ship_mode_id</Item>
                        <Item>ship_mode.sm_type</Item>
                        <Item>ship_mode.sm_code</Item>
                        <Item>ship_mode.sm_carrier</Item>
                        <Item>ship_mode.sm_contract</Item>
                      </Output>
                      <Index-Cond>(ship_mode.sm_ship_mode_sk = catalog_sales.cs_ship_mode_sk)</Index-Cond>
                    </Plan>
                  </Plans>
                </Plan>
                <Plan>
                  <Node-Type>Index Scan</Node-Type>
                  <Parent-Relationship>Inner</Parent-Relationship>
                  <Scan-Direction>Forward</Scan-Direction>
                  <Index-Name>call_center_pkey</Index-Name>
                  <Relation-Name>call_center</Relation-Name>
                  <Schema>public</Schema>
                  <Alias>call_center</Alias>
                  <Startup-Cost>0.13</Startup-Cost>
                  <Total-Cost>0.15</Total-Cost>
                  <Plan-Rows>1</Plan-Rows>
                  <Plan-Width>16</Plan-Width>
                  <Output>
                    <Item>call_center.cc_call_center_sk</Item>
                    <Item>call_center.cc_call_center_id</Item>
                    <Item>call_center.cc_rec_start_date</Item>
                    <Item>call_center.cc_rec_end_date</Item>
                    <Item>call_center.cc_closed_date_sk</Item>
                    <Item>call_center.cc_open_date_sk</Item>
                    <Item>call_center.cc_name</Item>
                    <Item>call_center.cc_class</Item>
                    <Item>call_center.cc_employees</Item>
                    <Item>call_center.cc_sq_ft</Item>
                    <Item>call_center.cc_hours</Item>
                    <Item>call_center.cc_manager</Item>
                    <Item>call_center.cc_mkt_id</Item>
                    <Item>call_center.cc_mkt_class</Item>
                    <Item>call_center.cc_mkt_desc</Item>
                    <Item>call_center.cc_market_manager</Item>
                    <Item>call_center.cc_division</Item>
                    <Item>call_center.cc_division_name</Item>
                    <Item>call_center.cc_company</Item>
                    <Item>call_center.cc_company_name</Item>
                    <Item>call_center.cc_street_number</Item>
                    <Item>call_center.cc_street_name</Item>
                    <Item>call_center.cc_street_type</Item>
                    <Item>call_center.cc_suite_number</Item>
                    <Item>call_center.cc_city</Item>
                    <Item>call_center.cc_county</Item>
                    <Item>call_center.cc_state</Item>
                    <Item>call_center.cc_zip</Item>
                    <Item>call_center.cc_country</Item>
                    <Item>call_center.cc_gmt_offset</Item>
                    <Item>call_center.cc_tax_percentage</Item>
                  </Output>
                  <Index-Cond>(call_center.cc_call_center_sk = catalog_sales.cs_call_center_sk)</Index-Cond>
                </Plan>
              </Plans>
            </Plan>
          </Plans>
        </Plan>
      </Plans>
    </Plan>
  </Query>
</explain>