<explain xmlns="http://www.postgresql.org/2009/explain">
  <Query>
    <Plan>
      <Node-Type>Sort</Node-Type>
      <Startup-Cost>34156.43</Startup-Cost>
      <Total-Cost>34156.48</Total-Cost>
      <Plan-Rows>18</Plan-Rows>
      <Plan-Width>43</Plan-Width>
      <Output>
        <Item>ship_mode.sm_type</Item>
        <Item>call_center.cc_name</Item>
        <Item>(count(*))</Item>
      </Output>
      <Sort-Key>
        <Item>ship_mode.sm_type</Item>
        <Item>call_center.cc_name</Item>
      </Sort-Key>
      <Plans>
        <Plan>
          <Node-Type>Aggregate</Node-Type>
          <Strategy>Hashed</Strategy>
          <Parent-Relationship>Outer</Parent-Relationship>
          <Startup-Cost>34155.88</Startup-Cost>
          <Total-Cost>34156.06</Total-Cost>
          <Plan-Rows>18</Plan-Rows>
          <Plan-Width>43</Plan-Width>
          <Output>
            <Item>ship_mode.sm_type</Item>
            <Item>call_center.cc_name</Item>
            <Item>count(*)</Item>
          </Output>
          <Group-Key>
            <Item>ship_mode.sm_type</Item>
            <Item>call_center.cc_name</Item>
          </Group-Key>
          <Plans>
            <Plan>
              <Node-Type>Nested Loop</Node-Type>
              <Parent-Relationship>Outer</Parent-Relationship>
              <Join-Type>Inner</Join-Type>
              <Startup-Cost>48.85</Startup-Cost>
              <Total-Cost>34153.26</Total-Cost>
              <Plan-Rows>349</Plan-Rows>
              <Plan-Width>43</Plan-Width>
              <Output>
                <Item>ship_mode.sm_type</Item>
                <Item>call_center.cc_name</Item>
              </Output>
              <Join-Filter>(catalog_sales.cs_warehouse_sk = warehouse.w_warehouse_sk)</Join-Filter>
              <Plans>
                <Plan>
                  <Node-Type>Hash Join</Node-Type>
                  <Parent-Relationship>Outer</Parent-Relationship>
                  <Join-Type>Inner</Join-Type>
                  <Startup-Cost>48.85</Startup-Cost>
                  <Total-Cost>34125.87</Total-Cost>
                  <Plan-Rows>351</Plan-Rows>
                  <Plan-Width>47</Plan-Width>
                  <Output>
                    <Item>catalog_sales.cs_warehouse_sk</Item>
                    <Item>ship_mode.sm_type</Item>
                    <Item>call_center.cc_name</Item>
                  </Output>
                  <Hash-Cond>(catalog_sales.cs_ship_date_sk = date_dim.d_date_sk)</Hash-Cond>
                  <Plans>
                    <Plan>
                      <Node-Type>Hash Join</Node-Type>
                      <Parent-Relationship>Outer</Parent-Relationship>
                      <Join-Type>Inner</Join-Type>
                      <Startup-Cost>28.36</Startup-Cost>
                      <Total-Cost>34089.11</Total-Cost>
                      <Plan-Rows>3406</Plan-Rows>
                      <Plan-Width>51</Plan-Width>
                      <Output>
                        <Item>catalog_sales.cs_ship_date_sk</Item>
                        <Item>catalog_sales.cs_warehouse_sk</Item>
                        <Item>ship_mode.sm_type</Item>
                        <Item>call_center.cc_name</Item>
                      </Output>
                      <Hash-Cond>(catalog_sales.cs_call_center_sk = call_center.cc_call_center_sk)</Hash-Cond>
                      <Plans>
                        <Plan>
                          <Node-Type>Nested Loop</Node-Type>
                          <Parent-Relationship>Outer</Parent-Relationship>
                          <Join-Type>Inner</Join-Type>
                          <Startup-Cost>27.23</Startup-Cost>
                          <Total-Cost>33867.98</Total-Cost>
                          <Plan-Rows>49581</Plan-Rows>
                          <Plan-Width>43</Plan-Width>
                          <Output>
                            <Item>catalog_sales.cs_ship_date_sk</Item>
                            <Item>catalog_sales.cs_warehouse_sk</Item>
                            <Item>catalog_sales.cs_call_center_sk</Item>
                            <Item>ship_mode.sm_type</Item>
                          </Output>
                          <Plans>
                            <Plan>
                              <Node-Type>Seq Scan</Node-Type>
                              <Parent-Relationship>Outer</Parent-Relationship>
                              <Relation-Name>ship_mode</Relation-Name>
                              <Schema>public</Schema>
                              <Alias>ship_mode</Alias>
                              <Startup-Cost>0.00</Startup-Cost>
                              <Total-Cost>1.20</Total-Cost>
                              <Plan-Rows>20</Plan-Rows>
                              <Plan-Width>35</Plan-Width>
                              <Output>
                                <Item>ship_mode.sm_ship_mode_sk</Item>
                                <Item>ship_mode.sm_ship_mode_id</Item>
                                <Item>ship_mode.sm_type</Item>
                                <Item>ship_mode.sm_code</Item>
                                <Item>ship_mode.sm_carrier</Item>
                                <Item>ship_mode.sm_contract</Item>
                              </Output>
                            </Plan>
                            <Plan>
                              <Node-Type>Bitmap Heap Scan</Node-Type>
                              <Parent-Relationship>Inner</Parent-Relationship>
                              <Relation-Name>catalog_sales</Relation-Name>
                              <Schema>public</Schema>
                              <Alias>catalog_sales</Alias>
                              <Startup-Cost>27.23</Startup-Cost>
                              <Total-Cost>1668.55</Total-Cost>
                              <Plan-Rows>2479</Plan-Rows>
                              <Plan-Width>16</Plan-Width>
                              <Output>
                                <Item>catalog_sales.cs_sold_date_sk</Item>
                                <Item>catalog_sales.cs_sold_time_sk</Item>
                                <Item>catalog_sales.cs_ship_date_sk</Item>
                                <Item>catalog_sales.cs_bill_customer_sk</Item>
                                <Item>catalog_sales.cs_bill_cdemo_sk</Item>
                                <Item>catalog_sales.cs_bill_hdemo_sk</Item>
                                <Item>catalog_sales.cs_bill_addr_sk</Item>
                                <Item>catalog_sales.cs_ship_customer_sk</Item>
                                <Item>catalog_sales.cs_ship_cdemo_sk</Item>
                                <Item>catalog_sales.cs_ship_hdemo_sk</Item>
                                <Item>catalog_sales.cs_ship_addr_sk</Item>
                                <Item>catalog_sales.cs_call_center_sk</Item>
                                <Item>catalog_sales.cs_catalog_page_sk</Item>
                                <Item>catalog_sales.cs_ship_mode_sk</Item>
                                <Item>catalog_sales.cs_warehouse_sk</Item>
                                <Item>catalog_sales.cs_item_sk</Item>
                                <Item>catalog_sales.cs_promo_sk</Item>
                                <Item>catalog_sales.cs_order_number</Item>
                                <Item>catalog_sales.cs_quantity</Item>
                                <Item>catalog_sales.cs_wholesale_cost</Item>
                                <Item>catalog_sales.cs_list_price</Item>
                                <Item>catalog_sales.cs_sales_price</Item>
                                <Item>catalog_sales.cs_ext_discount_amt</Item>
                                <Item>catalog_sales.cs_ext_sales_price</Item>
                                <Item>catalog_sales.cs_ext_wholesale_cost</Item>
                                <Item>catalog_sales.cs_ext_list_price</Item>
                                <Item>catalog_sales.cs_ext_tax</Item>
                                <Item>catalog_sales.cs_coupon_amt</Item>
                                <Item>catalog_sales.cs_ext_ship_cost</Item>
                                <Item>catalog_sales.cs_net_paid</Item>
                                <Item>catalog_sales.cs_net_paid_inc_tax</Item>
                                <Item>catalog_sales.cs_net_paid_inc_ship</Item>
                                <Item>catalog_sales.cs_net_paid_inc_ship_tax</Item>
                                <Item>catalog_sales.cs_net_profit</Item>
                              </Output>
                              <Recheck-Cond>(catalog_sales.cs_ship_mode_sk = ship_mode.sm_ship_mode_sk)</Recheck-Cond>
                              <Plans>
                                <Plan>
                                  <Node-Type>Bitmap Index Scan</Node-Type>
                                  <Parent-Relationship>Outer</Parent-Relationship>
                                  <Index-Name>catalog_sales_cs_ship_mode_sk_idx</Index-Name>
                                  <Startup-Cost>0.00</Startup-Cost>
                                  <Total-Cost>26.61</Total-Cost>
                                  <Plan-Rows>2479</Plan-Rows>
                                  <Plan-Width>0</Plan-Width>
                                  <Index-Cond>(catalog_sales.cs_ship_mode_sk = ship_mode.sm_ship_mode_sk)</Index-Cond>
                                </Plan>
                              </Plans>
                            </Plan>
                          </Plans>
                        </Plan>
                        <Plan>
                          <Node-Type>Hash</Node-Type>
                          <Parent-Relationship>Inner</Parent-Relationship>
                          <Startup-Cost>1.06</Startup-Cost>
                          <Total-Cost>1.06</Total-Cost>
                          <Plan-Rows>6</Plan-Rows>
                          <Plan-Width>16</Plan-Width>
                          <Output>
                            <Item>call_center.cc_name</Item>
                            <Item>call_center.cc_call_center_sk</Item>
                          </Output>
                          <Plans>
                            <Plan>
                              <Node-Type>Seq Scan</Node-Type>
                              <Parent-Relationship>Outer</Parent-Relationship>
                              <Relation-Name>call_center</Relation-Name>
                              <Schema>public</Schema>
                              <Alias>call_center</Alias>
                              <Startup-Cost>0.00</Startup-Cost>
                              <Total-Cost>1.06</Total-Cost>
                              <Plan-Rows>6</Plan-Rows>
                              <Plan-Width>16</Plan-Width>
                              <Output>
                                <Item>call_center.cc_name</Item>
                                <Item>call_center.cc_call_center_sk</Item>
                              </Output>
                            </Plan>
                          </Plans>
                        </Plan>
                      </Plans>
                    </Plan>
                    <Plan>
                      <Node-Type>Hash</Node-Type>
                      <Parent-Relationship>Inner</Parent-Relationship>
                      <Startup-Cost>15.95</Startup-Cost>
                      <Total-Cost>15.95</Total-Cost>
                      <Plan-Rows>363</Plan-Rows>
                      <Plan-Width>4</Plan-Width>
                      <Output>
                        <Item>date_dim.d_date_sk</Item>
                      </Output>
                      <Plans>
                        <Plan>
                          <Node-Type>Index Scan</Node-Type>
                          <Parent-Relationship>Outer</Parent-Relationship>
                          <Scan-Direction>Forward</Scan-Direction>
                          <Index-Name>date_dim_d_year_idx</Index-Name>
                          <Relation-Name>date_dim</Relation-Name>
                          <Schema>public</Schema>
                          <Alias>date_dim</Alias>
                          <Startup-Cost>0.29</Startup-Cost>
                          <Total-Cost>15.95</Total-Cost>
                          <Plan-Rows>363</Plan-Rows>
                          <Plan-Width>4</Plan-Width>
                          <Output>
                            <Item>date_dim.d_date_sk</Item>
                          </Output>
                          <Index-Cond>(date_dim.d_year = 2002)</Index-Cond>
                        </Plan>
                      </Plans>
                    </Plan>
                  </Plans>
                </Plan>
                <Plan>
                  <Node-Type>Materialize</Node-Type>
                  <Parent-Relationship>Inner</Parent-Relationship>
                  <Startup-Cost>0.00</Startup-Cost>
                  <Total-Cost>1.07</Total-Cost>
                  <Plan-Rows>5</Plan-Rows>
                  <Plan-Width>4</Plan-Width>
                  <Output>
                    <Item>warehouse.w_warehouse_sk</Item>
                  </Output>
                  <Plans>
                    <Plan>
                      <Node-Type>Seq Scan</Node-Type>
                      <Parent-Relationship>Outer</Parent-Relationship>
                      <Relation-Name>warehouse</Relation-Name>
                      <Schema>public</Schema>
                      <Alias>warehouse</Alias>
                      <Startup-Cost>0.00</Startup-Cost>
                      <Total-Cost>1.05</Total-Cost>
                      <Plan-Rows>5</Plan-Rows>
                      <Plan-Width>4</Plan-Width>
                      <Output>
                        <Item>warehouse.w_warehouse_sk</Item>
                      </Output>
                    </Plan>
                  </Plans>
                </Plan>
              </Plans>
            </Plan>
          </Plans>
        </Plan>
      </Plans>
    </Plan>
  </Query>
</explain>