<explain xmlns="http://www.postgresql.org/2009/explain">
  <Query>
    <Plan>
      <Node-Type>Aggregate</Node-Type>
      <Strategy>Hashed</Strategy>
      <Startup-Cost>563469.73</Startup-Cost>
      <Total-Cost>563475.17</Total-Cost>
      <Plan-Rows>544</Plan-Rows>
      <Plan-Width>21</Plan-Width>
      <Output>
        <Item>item.i_item_id</Item>
        <Item>sum(inventory.inv_quantity_on_hand)</Item>
      </Output>
      <Group-Key>
        <Item>item.i_item_id</Item>
      </Group-Key>
      <Plans>
        <Plan>
          <Node-Type>Hash Join</Node-Type>
          <Parent-Relationship>Outer</Parent-Relationship>
          <Join-Type>Inner</Join-Type>
          <Startup-Cost>822.36</Startup-Cost>
          <Total-Cost>504744.98</Total-Cost>
          <Plan-Rows>11744950</Plan-Rows>
          <Plan-Width>21</Plan-Width>
          <Output>
            <Item>inventory.inv_quantity_on_hand</Item>
            <Item>item.i_item_id</Item>
          </Output>
          <Hash-Cond>(inventory.inv_date_sk = date_dim.d_date_sk)</Hash-Cond>
          <Plans>
            <Plan>
              <Node-Type>Hash Join</Node-Type>
              <Parent-Relationship>Outer</Parent-Relationship>
              <Join-Type>Inner</Join-Type>
              <Startup-Cost>817.11</Startup-Cost>
              <Total-Cost>343246.67</Total-Cost>
              <Plan-Rows>11744950</Plan-Rows>
              <Plan-Width>25</Plan-Width>
              <Output>
                <Item>inventory.inv_quantity_on_hand</Item>
                <Item>inventory.inv_date_sk</Item>
                <Item>item.i_item_id</Item>
              </Output>
              <Hash-Cond>(inventory.inv_item_sk = item.i_item_sk)</Hash-Cond>
              <Plans>
                <Plan>
                  <Node-Type>Seq Scan</Node-Type>
                  <Parent-Relationship>Outer</Parent-Relationship>
                  <Relation-Name>inventory</Relation-Name>
                  <Schema>public</Schema>
                  <Alias>inventory</Alias>
                  <Startup-Cost>0.00</Startup-Cost>
                  <Total-Cost>180936.50</Total-Cost>
                  <Plan-Rows>11744950</Plan-Rows>
                  <Plan-Width>12</Plan-Width>
                  <Output>
                    <Item>inventory.inv_date_sk</Item>
                    <Item>inventory.inv_item_sk</Item>
                    <Item>inventory.inv_warehouse_sk</Item>
                    <Item>inventory.inv_quantity_on_hand</Item>
                  </Output>
                </Plan>
                <Plan>
                  <Node-Type>Hash</Node-Type>
                  <Parent-Relationship>Inner</Parent-Relationship>
                  <Startup-Cost>803.51</Startup-Cost>
                  <Total-Cost>803.51</Total-Cost>
                  <Plan-Rows>1088</Plan-Rows>
                  <Plan-Width>21</Plan-Width>
                  <Output>
                    <Item>item.i_item_id</Item>
                    <Item>item.i_item_sk</Item>
                  </Output>
                  <Plans>
                    <Plan>
                      <Node-Type>Bitmap Heap Scan</Node-Type>
                      <Parent-Relationship>Outer</Parent-Relationship>
                      <Relation-Name>item</Relation-Name>
                      <Schema>public</Schema>
                      <Alias>item</Alias>
                      <Startup-Cost>15.84</Startup-Cost>
                      <Total-Cost>803.51</Total-Cost>
                      <Plan-Rows>1088</Plan-Rows>
                      <Plan-Width>21</Plan-Width>
                      <Output>
                        <Item>item.i_item_id</Item>
                        <Item>item.i_item_sk</Item>
                      </Output>
                      <Recheck-Cond>((item.i_current_price &gt;= 0.99) AND (item.i_current_price &lt;= 1.49))</Recheck-Cond>
                      <Plans>
                        <Plan>
                          <Node-Type>Bitmap Index Scan</Node-Type>
                          <Parent-Relationship>Outer</Parent-Relationship>
                          <Index-Name>item_i_current_price_idx</Index-Name>
                          <Startup-Cost>0.00</Startup-Cost>
                          <Total-Cost>15.57</Total-Cost>
                          <Plan-Rows>1088</Plan-Rows>
                          <Plan-Width>0</Plan-Width>
                          <Index-Cond>((item.i_current_price &gt;= 0.99) AND (item.i_current_price &lt;= 1.49))</Index-Cond>
                        </Plan>
                      </Plans>
                    </Plan>
                  </Plans>
                </Plan>
              </Plans>
            </Plan>
            <Plan>
              <Node-Type>Hash</Node-Type>
              <Parent-Relationship>Inner</Parent-Relationship>
              <Startup-Cost>4.57</Startup-Cost>
              <Total-Cost>4.57</Total-Cost>
              <Plan-Rows>54</Plan-Rows>
              <Plan-Width>4</Plan-Width>
              <Output>
                <Item>date_dim.d_date_sk</Item>
              </Output>
              <Plans>
                <Plan>
                  <Node-Type>Index Scan</Node-Type>
                  <Parent-Relationship>Outer</Parent-Relationship>
                  <Scan-Direction>Forward</Scan-Direction>
                  <Index-Name>date_dim_d_date_idx</Index-Name>
                  <Relation-Name>date_dim</Relation-Name>
                  <Schema>public</Schema>
                  <Alias>date_dim</Alias>
                  <Startup-Cost>0.29</Startup-Cost>
                  <Total-Cost>4.57</Total-Cost>
                  <Plan-Rows>54</Plan-Rows>
                  <Plan-Width>4</Plan-Width>
                  <Output>
                    <Item>date_dim.d_date_sk</Item>
                  </Output>
                  <Index-Cond>((date_dim.d_date &gt;= '2002-01-26'::date) AND (date_dim.d_date &lt;= '2002-03-26'::date))</Index-Cond>
                </Plan>
              </Plans>
            </Plan>
          </Plans>
        </Plan>
      </Plans>
    </Plan>
  </Query>
</explain>