<explain xmlns="http://www.postgresql.org/2009/explain">
  <Query>
    <Plan>
      <Node-Type>Aggregate</Node-Type>
      <Strategy>Hashed</Strategy>
      <Startup-Cost>142407.17</Startup-Cost>
      <Total-Cost>142407.18</Total-Cost>
      <Plan-Rows>1</Plan-Rows>
      <Plan-Width>21</Plan-Width>
      <Output>
        <Item>item.i_item_id</Item>
        <Item>sum(inventory.inv_quantity_on_hand)</Item>
      </Output>
      <Group-Key>
        <Item>item.i_item_id</Item>
      </Group-Key>
      <Plans>
        <Plan>
          <Node-Type>Hash Join</Node-Type>
          <Parent-Relationship>Outer</Parent-Relationship>
          <Join-Type>Inner</Join-Type>
          <Startup-Cost>817.96</Startup-Cost>
          <Total-Cost>142407.17</Total-Cost>
          <Plan-Rows>1</Plan-Rows>
          <Plan-Width>21</Plan-Width>
          <Output>
            <Item>inventory.inv_quantity_on_hand</Item>
            <Item>item.i_item_id</Item>
          </Output>
          <Hash-Cond>(inventory.inv_item_sk = item.i_item_sk)</Hash-Cond>
          <Plans>
            <Plan>
              <Node-Type>Nested Loop</Node-Type>
              <Parent-Relationship>Outer</Parent-Relationship>
              <Join-Type>Inner</Join-Type>
              <Startup-Cost>0.85</Startup-Cost>
              <Total-Cost>141549.57</Total-Cost>
              <Plan-Rows>10794</Plan-Rows>
              <Plan-Width>8</Plan-Width>
              <Output>
                <Item>inventory.inv_quantity_on_hand</Item>
                <Item>inventory.inv_item_sk</Item>
              </Output>
              <Plans>
                <Plan>
                  <Node-Type>Index Scan</Node-Type>
                  <Parent-Relationship>Outer</Parent-Relationship>
                  <Scan-Direction>Forward</Scan-Direction>
                  <Index-Name>date_dim_d_date_idx</Index-Name>
                  <Relation-Name>date_dim</Relation-Name>
                  <Schema>public</Schema>
                  <Alias>date_dim</Alias>
                  <Startup-Cost>0.29</Startup-Cost>
                  <Total-Cost>4.57</Total-Cost>
                  <Plan-Rows>54</Plan-Rows>
                  <Plan-Width>4</Plan-Width>
                  <Output>
                    <Item>date_dim.d_date_sk</Item>
                    <Item>date_dim.d_date_id</Item>
                    <Item>date_dim.d_date</Item>
                    <Item>date_dim.d_month_seq</Item>
                    <Item>date_dim.d_week_seq</Item>
                    <Item>date_dim.d_quarter_seq</Item>
                    <Item>date_dim.d_year</Item>
                    <Item>date_dim.d_dow</Item>
                    <Item>date_dim.d_moy</Item>
                    <Item>date_dim.d_dom</Item>
                    <Item>date_dim.d_qoy</Item>
                    <Item>date_dim.d_fy_year</Item>
                    <Item>date_dim.d_fy_quarter_seq</Item>
                    <Item>date_dim.d_fy_week_seq</Item>
                    <Item>date_dim.d_day_name</Item>
                    <Item>date_dim.d_quarter_name</Item>
                    <Item>date_dim.d_holiday</Item>
                    <Item>date_dim.d_weekend</Item>
                    <Item>date_dim.d_following_holiday</Item>
                    <Item>date_dim.d_first_dom</Item>
                    <Item>date_dim.d_last_dom</Item>
                    <Item>date_dim.d_same_day_ly</Item>
                    <Item>date_dim.d_same_day_lq</Item>
                    <Item>date_dim.d_current_day</Item>
                    <Item>date_dim.d_current_week</Item>
                    <Item>date_dim.d_current_month</Item>
                    <Item>date_dim.d_current_quarter</Item>
                    <Item>date_dim.d_current_year</Item>
                  </Output>
                  <Index-Cond>((date_dim.d_date &gt;= '2002-01-26'::date) AND (date_dim.d_date &lt;= '2002-03-26'::date))</Index-Cond>
                </Plan>
                <Plan>
                  <Node-Type>Index Scan</Node-Type>
                  <Parent-Relationship>Inner</Parent-Relationship>
                  <Scan-Direction>Forward</Scan-Direction>
                  <Index-Name>inventory_pkey</Index-Name>
                  <Relation-Name>inventory</Relation-Name>
                  <Schema>public</Schema>
                  <Alias>inventory</Alias>
                  <Startup-Cost>0.56</Startup-Cost>
                  <Total-Cost>2061.77</Total-Cost>
                  <Plan-Rows>55943</Plan-Rows>
                  <Plan-Width>12</Plan-Width>
                  <Output>
                    <Item>inventory.inv_date_sk</Item>
                    <Item>inventory.inv_item_sk</Item>
                    <Item>inventory.inv_warehouse_sk</Item>
                    <Item>inventory.inv_quantity_on_hand</Item>
                  </Output>
                  <Index-Cond>(inventory.inv_date_sk = date_dim.d_date_sk)</Index-Cond>
                </Plan>
              </Plans>
            </Plan>
            <Plan>
              <Node-Type>Hash</Node-Type>
              <Parent-Relationship>Inner</Parent-Relationship>
              <Startup-Cost>803.51</Startup-Cost>
              <Total-Cost>803.51</Total-Cost>
              <Plan-Rows>1088</Plan-Rows>
              <Plan-Width>21</Plan-Width>
              <Output>
                <Item>item.i_item_id</Item>
                <Item>item.i_item_sk</Item>
              </Output>
              <Plans>
                <Plan>
                  <Node-Type>Bitmap Heap Scan</Node-Type>
                  <Parent-Relationship>Outer</Parent-Relationship>
                  <Relation-Name>item</Relation-Name>
                  <Schema>public</Schema>
                  <Alias>item</Alias>
                  <Startup-Cost>15.84</Startup-Cost>
                  <Total-Cost>803.51</Total-Cost>
                  <Plan-Rows>1088</Plan-Rows>
                  <Plan-Width>21</Plan-Width>
                  <Output>
                    <Item>item.i_item_id</Item>
                    <Item>item.i_item_sk</Item>
                  </Output>
                  <Recheck-Cond>((item.i_current_price &gt;= 0.99) AND (item.i_current_price &lt;= 1.49))</Recheck-Cond>
                  <Plans>
                    <Plan>
                      <Node-Type>Bitmap Index Scan</Node-Type>
                      <Parent-Relationship>Outer</Parent-Relationship>
                      <Index-Name>item_i_current_price_idx</Index-Name>
                      <Startup-Cost>0.00</Startup-Cost>
                      <Total-Cost>15.57</Total-Cost>
                      <Plan-Rows>1088</Plan-Rows>
                      <Plan-Width>0</Plan-Width>
                      <Index-Cond>((item.i_current_price &gt;= 0.99) AND (item.i_current_price &lt;= 1.49))</Index-Cond>
                    </Plan>
                  </Plans>
                </Plan>
              </Plans>
            </Plan>
          </Plans>
        </Plan>
      </Plans>
    </Plan>
  </Query>
</explain>