<explain xmlns="http://www.postgresql.org/2009/explain">
  <Query>
    <Plan>
      <Node-Type>Group</Node-Type>
      <Startup-Cost>16991391.17</Startup-Cost>
      <Total-Cost>17038414.52</Total-Cost>
      <Plan-Rows>450000</Plan-Rows>
      <Plan-Width>125</Plan-Width>
      <Output>
        <Item>item.i_item_id</Item>
        <Item>item.i_item_desc</Item>
        <Item>item.i_current_price</Item>
      </Output>
      <Group-Key>
        <Item>item.i_item_id</Item>
        <Item>item.i_item_desc</Item>
        <Item>item.i_current_price</Item>
      </Group-Key>
      <Plans>
        <Plan>
          <Node-Type>Sort</Node-Type>
          <Parent-Relationship>Outer</Parent-Relationship>
          <Startup-Cost>16991391.17</Startup-Cost>
          <Total-Cost>17003147.01</Total-Cost>
          <Plan-Rows>4702335</Plan-Rows>
          <Plan-Width>125</Plan-Width>
          <Output>
            <Item>item.i_item_id</Item>
            <Item>item.i_item_desc</Item>
            <Item>item.i_current_price</Item>
          </Output>
          <Sort-Key>
            <Item>item.i_item_id</Item>
            <Item>item.i_item_desc</Item>
            <Item>item.i_current_price</Item>
          </Sort-Key>
          <Plans>
            <Plan>
              <Node-Type>Hash Join</Node-Type>
              <Parent-Relationship>Outer</Parent-Relationship>
              <Join-Type>Inner</Join-Type>
              <Startup-Cost>5122.99</Startup-Cost>
              <Total-Cost>16291391.62</Total-Cost>
              <Plan-Rows>4702335</Plan-Rows>
              <Plan-Width>125</Plan-Width>
              <Output>
                <Item>item.i_item_id</Item>
                <Item>item.i_item_desc</Item>
                <Item>item.i_current_price</Item>
              </Output>
              <Hash-Cond>(store_sales.ss_sold_date_sk = date_dim.d_date_sk)</Hash-Cond>
              <Plans>
                <Plan>
                  <Node-Type>Hash Join</Node-Type>
                  <Parent-Relationship>Outer</Parent-Relationship>
                  <Join-Type>Inner</Join-Type>
                  <Startup-Cost>347.95</Startup-Cost>
                  <Total-Cost>16183230.20</Total-Cost>
                  <Plan-Rows>5636302</Plan-Rows>
                  <Plan-Width>129</Plan-Width>
                  <Output>
                    <Item>store_sales.ss_sold_date_sk</Item>
                    <Item>item.i_item_id</Item>
                    <Item>item.i_item_desc</Item>
                    <Item>item.i_current_price</Item>
                  </Output>
                  <Hash-Cond>(store_sales.ss_store_sk = store.s_store_sk)</Hash-Cond>
                  <Plans>
                    <Plan>
                      <Node-Type>Nested Loop</Node-Type>
                      <Parent-Relationship>Outer</Parent-Relationship>
                      <Join-Type>Inner</Join-Type>
                      <Startup-Cost>0.45</Startup-Cost>
                      <Total-Cost>16084421.22</Total-Cost>
                      <Plan-Rows>6735754</Plan-Rows>
                      <Plan-Width>133</Plan-Width>
                      <Output>
                        <Item>store_sales.ss_sold_date_sk</Item>
                        <Item>store_sales.ss_store_sk</Item>
                        <Item>item.i_item_id</Item>
                        <Item>item.i_item_desc</Item>
                        <Item>item.i_current_price</Item>
                      </Output>
                      <Plans>
                        <Plan>
                          <Node-Type>Seq Scan</Node-Type>
                          <Parent-Relationship>Outer</Parent-Relationship>
                          <Relation-Name>item</Relation-Name>
                          <Schema>public</Schema>
                          <Alias>item</Alias>
                          <Startup-Cost>0.00</Startup-Cost>
                          <Total-Cost>352500.00</Total-Cost>
                          <Plan-Rows>4500000</Plan-Rows>
                          <Plan-Width>129</Plan-Width>
                          <Output>
                            <Item>item.i_item_sk</Item>
                            <Item>item.i_item_id</Item>
                            <Item>item.i_rec_start_date</Item>
                            <Item>item.i_rec_end_date</Item>
                            <Item>item.i_item_desc</Item>
                            <Item>item.i_current_price</Item>
                            <Item>item.i_wholesale_cost</Item>
                            <Item>item.i_brand_id</Item>
                            <Item>item.i_brand</Item>
                            <Item>item.i_class_id</Item>
                            <Item>item.i_class</Item>
                            <Item>item.i_category_id</Item>
                            <Item>item.i_category</Item>
                            <Item>item.i_manufact_id</Item>
                            <Item>item.i_manufact</Item>
                            <Item>item.i_size</Item>
                            <Item>item.i_formulation</Item>
                            <Item>item.i_color</Item>
                            <Item>item.i_units</Item>
                            <Item>item.i_container</Item>
                            <Item>item.i_manager_id</Item>
                            <Item>item.i_product_name</Item>
                          </Output>
                        </Plan>
                        <Plan>
                          <Node-Type>Index Scan</Node-Type>
                          <Parent-Relationship>Inner</Parent-Relationship>
                          <Scan-Direction>Forward</Scan-Direction>
                          <Index-Name>store_sales_pkey</Index-Name>
                          <Relation-Name>store_sales</Relation-Name>
                          <Schema>public</Schema>
                          <Alias>store_sales</Alias>
                          <Startup-Cost>0.45</Startup-Cost>
                          <Total-Cost>3.48</Total-Cost>
                          <Plan-Rows>2</Plan-Rows>
                          <Plan-Width>12</Plan-Width>
                          <Output>
                            <Item>store_sales.ss_sold_date_sk</Item>
                            <Item>store_sales.ss_sold_time_sk</Item>
                            <Item>store_sales.ss_item_sk</Item>
                            <Item>store_sales.ss_customer_sk</Item>
                            <Item>store_sales.ss_cdemo_sk</Item>
                            <Item>store_sales.ss_hdemo_sk</Item>
                            <Item>store_sales.ss_addr_sk</Item>
                            <Item>store_sales.ss_store_sk</Item>
                            <Item>store_sales.ss_promo_sk</Item>
                            <Item>store_sales.ss_ticket_number</Item>
                            <Item>store_sales.ss_quantity</Item>
                            <Item>store_sales.ss_wholesale_cost</Item>
                            <Item>store_sales.ss_list_price</Item>
                            <Item>store_sales.ss_sales_price</Item>
                            <Item>store_sales.ss_ext_discount_amt</Item>
                            <Item>store_sales.ss_ext_sales_price</Item>
                            <Item>store_sales.ss_ext_wholesale_cost</Item>
                            <Item>store_sales.ss_ext_list_price</Item>
                            <Item>store_sales.ss_ext_tax</Item>
                            <Item>store_sales.ss_coupon_amt</Item>
                            <Item>store_sales.ss_net_paid</Item>
                            <Item>store_sales.ss_net_paid_inc_tax</Item>
                            <Item>store_sales.ss_net_profit</Item>
                          </Output>
                          <Index-Cond>(store_sales.ss_item_sk = item.i_item_sk)</Index-Cond>
                        </Plan>
                      </Plans>
                    </Plan>
                    <Plan>
                      <Node-Type>Hash</Node-Type>
                      <Parent-Relationship>Inner</Parent-Relationship>
                      <Startup-Cost>310.00</Startup-Cost>
                      <Total-Cost>310.00</Total-Cost>
                      <Plan-Rows>3000</Plan-Rows>
                      <Plan-Width>4</Plan-Width>
                      <Output>
                        <Item>store.s_store_sk</Item>
                      </Output>
                      <Plans>
                        <Plan>
                          <Node-Type>Seq Scan</Node-Type>
                          <Parent-Relationship>Outer</Parent-Relationship>
                          <Relation-Name>store</Relation-Name>
                          <Schema>public</Schema>
                          <Alias>store</Alias>
                          <Startup-Cost>0.00</Startup-Cost>
                          <Total-Cost>310.00</Total-Cost>
                          <Plan-Rows>3000</Plan-Rows>
                          <Plan-Width>4</Plan-Width>
                          <Output>
                            <Item>store.s_store_sk</Item>
                          </Output>
                          <Filter>(store.s_state = ANY ('{TN,TN,TN,TN,TN,TN,TN,TN}'::bpchar[]))</Filter>
                        </Plan>
                      </Plans>
                    </Plan>
                  </Plans>
                </Plan>
                <Plan>
                  <Node-Type>Hash</Node-Type>
                  <Parent-Relationship>Inner</Parent-Relationship>
                  <Startup-Cost>3633.66</Startup-Cost>
                  <Total-Cost>3633.66</Total-Cost>
                  <Plan-Rows>91311</Plan-Rows>
                  <Plan-Width>4</Plan-Width>
                  <Output>
                    <Item>date_dim.d_date_sk</Item>
                  </Output>
                  <Plans>
                    <Plan>
                      <Node-Type>Index Scan</Node-Type>
                      <Parent-Relationship>Outer</Parent-Relationship>
                      <Scan-Direction>Forward</Scan-Direction>
                      <Index-Name>date_dim_d_year_idx</Index-Name>
                      <Relation-Name>date_dim</Relation-Name>
                      <Schema>public</Schema>
                      <Alias>date_dim</Alias>
                      <Startup-Cost>0.31</Startup-Cost>
                      <Total-Cost>3633.66</Total-Cost>
                      <Plan-Rows>91311</Plan-Rows>
                      <Plan-Width>4</Plan-Width>
                      <Output>
                        <Item>date_dim.d_date_sk</Item>
                      </Output>
                      <Index-Cond>(date_dim.d_year = 2001)</Index-Cond>
                    </Plan>
                  </Plans>
                </Plan>
              </Plans>
            </Plan>
          </Plans>
        </Plan>
      </Plans>
    </Plan>
  </Query>
</explain>