<explain xmlns="http://www.postgresql.org/2009/explain">
  <Query>
    <Plan>
      <Node-Type>Group</Node-Type>
      <Startup-Cost>27491589.46</Startup-Cost>
      <Total-Cost>27491607.32</Total-Cost>
      <Plan-Rows>1786</Plan-Rows>
      <Plan-Width>125</Plan-Width>
      <Output>
        <Item>item.i_item_id</Item>
        <Item>item.i_item_desc</Item>
        <Item>item.i_current_price</Item>
      </Output>
      <Group-Key>
        <Item>item.i_item_id</Item>
        <Item>item.i_item_desc</Item>
        <Item>item.i_current_price</Item>
      </Group-Key>
      <Plans>
        <Plan>
          <Node-Type>Sort</Node-Type>
          <Parent-Relationship>Outer</Parent-Relationship>
          <Startup-Cost>27491589.46</Startup-Cost>
          <Total-Cost>27491593.92</Total-Cost>
          <Plan-Rows>1786</Plan-Rows>
          <Plan-Width>125</Plan-Width>
          <Output>
            <Item>item.i_item_id</Item>
            <Item>item.i_item_desc</Item>
            <Item>item.i_current_price</Item>
          </Output>
          <Sort-Key>
            <Item>item.i_item_id</Item>
            <Item>item.i_item_desc</Item>
            <Item>item.i_current_price</Item>
          </Sort-Key>
          <Plans>
            <Plan>
              <Node-Type>Nested Loop</Node-Type>
              <Parent-Relationship>Outer</Parent-Relationship>
              <Join-Type>Inner</Join-Type>
              <Startup-Cost>4775.51</Startup-Cost>
              <Total-Cost>27491492.99</Total-Cost>
              <Plan-Rows>1786</Plan-Rows>
              <Plan-Width>125</Plan-Width>
              <Output>
                <Item>item.i_item_id</Item>
                <Item>item.i_item_desc</Item>
                <Item>item.i_current_price</Item>
              </Output>
              <Plans>
                <Plan>
                  <Node-Type>Nested Loop</Node-Type>
                  <Parent-Relationship>Outer</Parent-Relationship>
                  <Join-Type>Inner</Join-Type>
                  <Startup-Cost>4775.35</Startup-Cost>
                  <Total-Cost>27487495.85</Total-Cost>
                  <Plan-Rows>1868</Plan-Rows>
                  <Plan-Width>129</Plan-Width>
                  <Output>
                    <Item>store_sales.ss_store_sk</Item>
                    <Item>item.i_item_id</Item>
                    <Item>item.i_item_desc</Item>
                    <Item>item.i_current_price</Item>
                  </Output>
                  <Plans>
                    <Plan>
                      <Node-Type>Hash Join</Node-Type>
                      <Parent-Relationship>Outer</Parent-Relationship>
                      <Join-Type>Inner</Join-Type>
                      <Startup-Cost>4775.04</Startup-Cost>
                      <Total-Cost>27330762.05</Total-Cost>
                      <Plan-Rows>68653</Plan-Rows>
                      <Plan-Width>8</Plan-Width>
                      <Output>
                        <Item>store_sales.ss_item_sk</Item>
                        <Item>store_sales.ss_store_sk</Item>
                      </Output>
                      <Hash-Cond>(store_sales.ss_sold_date_sk = date_dim.d_date_sk)</Hash-Cond>
                      <Plans>
                        <Plan>
                          <Node-Type>Seq Scan</Node-Type>
                          <Parent-Relationship>Outer</Parent-Relationship>
                          <Relation-Name>store_sales</Relation-Name>
                          <Schema>public</Schema>
                          <Alias>store_sales</Alias>
                          <Startup-Cost>0.00</Startup-Cost>
                          <Total-Cost>20124650.24</Total-Cost>
                          <Plan-Rows>720065024</Plan-Rows>
                          <Plan-Width>12</Plan-Width>
                          <Output>
                            <Item>store_sales.ss_sold_date_sk</Item>
                            <Item>store_sales.ss_sold_time_sk</Item>
                            <Item>store_sales.ss_item_sk</Item>
                            <Item>store_sales.ss_customer_sk</Item>
                            <Item>store_sales.ss_cdemo_sk</Item>
                            <Item>store_sales.ss_hdemo_sk</Item>
                            <Item>store_sales.ss_addr_sk</Item>
                            <Item>store_sales.ss_store_sk</Item>
                            <Item>store_sales.ss_promo_sk</Item>
                            <Item>store_sales.ss_ticket_number</Item>
                            <Item>store_sales.ss_quantity</Item>
                            <Item>store_sales.ss_wholesale_cost</Item>
                            <Item>store_sales.ss_list_price</Item>
                            <Item>store_sales.ss_sales_price</Item>
                            <Item>store_sales.ss_ext_discount_amt</Item>
                            <Item>store_sales.ss_ext_sales_price</Item>
                            <Item>store_sales.ss_ext_wholesale_cost</Item>
                            <Item>store_sales.ss_ext_list_price</Item>
                            <Item>store_sales.ss_ext_tax</Item>
                            <Item>store_sales.ss_coupon_amt</Item>
                            <Item>store_sales.ss_net_paid</Item>
                            <Item>store_sales.ss_net_paid_inc_tax</Item>
                            <Item>store_sales.ss_net_profit</Item>
                          </Output>
                        </Plan>
                        <Plan>
                          <Node-Type>Hash</Node-Type>
                          <Parent-Relationship>Inner</Parent-Relationship>
                          <Startup-Cost>3633.66</Startup-Cost>
                          <Total-Cost>3633.66</Total-Cost>
                          <Plan-Rows>91311</Plan-Rows>
                          <Plan-Width>4</Plan-Width>
                          <Output>
                            <Item>date_dim.d_date_sk</Item>
                          </Output>
                          <Plans>
                            <Plan>
                              <Node-Type>Index Scan</Node-Type>
                              <Parent-Relationship>Outer</Parent-Relationship>
                              <Scan-Direction>Forward</Scan-Direction>
                              <Index-Name>date_dim_d_year_idx</Index-Name>
                              <Relation-Name>date_dim</Relation-Name>
                              <Schema>public</Schema>
                              <Alias>date_dim</Alias>
                              <Startup-Cost>0.31</Startup-Cost>
                              <Total-Cost>3633.66</Total-Cost>
                              <Plan-Rows>91311</Plan-Rows>
                              <Plan-Width>4</Plan-Width>
                              <Output>
                                <Item>date_dim.d_date_sk</Item>
                              </Output>
                              <Index-Cond>(date_dim.d_year = 2001)</Index-Cond>
                            </Plan>
                          </Plans>
                        </Plan>
                      </Plans>
                    </Plan>
                    <Plan>
                      <Node-Type>Index Scan</Node-Type>
                      <Parent-Relationship>Inner</Parent-Relationship>
                      <Scan-Direction>Forward</Scan-Direction>
                      <Index-Name>item_pkey</Index-Name>
                      <Relation-Name>item</Relation-Name>
                      <Schema>public</Schema>
                      <Alias>item</Alias>
                      <Startup-Cost>0.31</Startup-Cost>
                      <Total-Cost>2.27</Total-Cost>
                      <Plan-Rows>1</Plan-Rows>
                      <Plan-Width>129</Plan-Width>
                      <Output>
                        <Item>item.i_item_sk</Item>
                        <Item>item.i_item_id</Item>
                        <Item>item.i_rec_start_date</Item>
                        <Item>item.i_rec_end_date</Item>
                        <Item>item.i_item_desc</Item>
                        <Item>item.i_current_price</Item>
                        <Item>item.i_wholesale_cost</Item>
                        <Item>item.i_brand_id</Item>
                        <Item>item.i_brand</Item>
                        <Item>item.i_class_id</Item>
                        <Item>item.i_class</Item>
                        <Item>item.i_category_id</Item>
                        <Item>item.i_category</Item>
                        <Item>item.i_manufact_id</Item>
                        <Item>item.i_manufact</Item>
                        <Item>item.i_size</Item>
                        <Item>item.i_formulation</Item>
                        <Item>item.i_color</Item>
                        <Item>item.i_units</Item>
                        <Item>item.i_container</Item>
                        <Item>item.i_manager_id</Item>
                        <Item>item.i_product_name</Item>
                      </Output>
                      <Index-Cond>(item.i_item_sk = store_sales.ss_item_sk)</Index-Cond>
                    </Plan>
                  </Plans>
                </Plan>
                <Plan>
                  <Node-Type>Index Scan</Node-Type>
                  <Parent-Relationship>Inner</Parent-Relationship>
                  <Scan-Direction>Forward</Scan-Direction>
                  <Index-Name>store_pkey</Index-Name>
                  <Relation-Name>store</Relation-Name>
                  <Schema>public</Schema>
                  <Alias>store</Alias>
                  <Startup-Cost>0.15</Startup-Cost>
                  <Total-Cost>2.13</Total-Cost>
                  <Plan-Rows>1</Plan-Rows>
                  <Plan-Width>4</Plan-Width>
                  <Output>
                    <Item>store.s_store_sk</Item>
                    <Item>store.s_store_id</Item>
                    <Item>store.s_rec_start_date</Item>
                    <Item>store.s_rec_end_date</Item>
                    <Item>store.s_closed_date_sk</Item>
                    <Item>store.s_store_name</Item>
                    <Item>store.s_number_employees</Item>
                    <Item>store.s_floor_space</Item>
                    <Item>store.s_hours</Item>
                    <Item>store.s_manager</Item>
                    <Item>store.s_market_id</Item>
                    <Item>store.s_geography_class</Item>
                    <Item>store.s_market_desc</Item>
                    <Item>store.s_market_manager</Item>
                    <Item>store.s_division_id</Item>
                    <Item>store.s_division_name</Item>
                    <Item>store.s_company_id</Item>
                    <Item>store.s_company_name</Item>
                    <Item>store.s_street_number</Item>
                    <Item>store.s_street_name</Item>
                    <Item>store.s_street_type</Item>
                    <Item>store.s_suite_number</Item>
                    <Item>store.s_city</Item>
                    <Item>store.s_county</Item>
                    <Item>store.s_state</Item>
                    <Item>store.s_zip</Item>
                    <Item>store.s_country</Item>
                    <Item>store.s_gmt_offset</Item>
                    <Item>store.s_tax_precentage</Item>
                  </Output>
                  <Index-Cond>(store.s_store_sk = store_sales.ss_store_sk)</Index-Cond>
                  <Filter>(store.s_state = ANY ('{TN,TN,TN,TN,TN,TN,TN,TN}'::bpchar[]))</Filter>
                </Plan>
              </Plans>
            </Plan>
          </Plans>
        </Plan>
      </Plans>
    </Plan>
  </Query>
</explain>