<explain xmlns="http://www.postgresql.org/2009/explain">
  <Query>
    <Plan>
      <Node-Type>Aggregate</Node-Type>
      <Strategy>Hashed</Strategy>
      <Startup-Cost>59930919.32</Startup-Cost>
      <Total-Cost>59930946.53</Total-Cost>
      <Plan-Rows>2721</Plan-Rows>
      <Plan-Width>39</Plan-Width>
      <Output>
        <Item>warehouse.w_warehouse_name</Item>
        <Item>item.i_item_id</Item>
        <Item>sum(inventory.inv_quantity_on_hand)</Item>
      </Output>
      <Group-Key>
        <Item>warehouse.w_warehouse_name</Item>
        <Item>item.i_item_id</Item>
      </Group-Key>
      <Plans>
        <Plan>
          <Node-Type>Nested Loop</Node-Type>
          <Parent-Relationship>Outer</Parent-Relationship>
          <Join-Type>Inner</Join-Type>
          <Startup-Cost>1076.53</Startup-Cost>
          <Total-Cost>59928717.13</Total-Cost>
          <Plan-Rows>293625</Plan-Rows>
          <Plan-Width>39</Plan-Width>
          <Output>
            <Item>inventory.inv_quantity_on_hand</Item>
            <Item>warehouse.w_warehouse_name</Item>
            <Item>item.i_item_id</Item>
          </Output>
          <Plans>
            <Plan>
              <Node-Type>Hash Join</Node-Type>
              <Parent-Relationship>Outer</Parent-Relationship>
              <Join-Type>Inner</Join-Type>
              <Startup-Cost>1076.22</Startup-Cost>
              <Total-Cost>59145754.75</Total-Cost>
              <Plan-Rows>335555</Plan-Rows>
              <Plan-Width>26</Plan-Width>
              <Output>
                <Item>inventory.inv_quantity_on_hand</Item>
                <Item>inventory.inv_item_sk</Item>
                <Item>warehouse.w_warehouse_name</Item>
              </Output>
              <Hash-Cond>(inventory.inv_date_sk = date_dim.d_date_sk)</Hash-Cond>
              <Plans>
                <Plan>
                  <Node-Type>Hash Join</Node-Type>
                  <Parent-Relationship>Outer</Parent-Relationship>
                  <Join-Type>Inner</Join-Type>
                  <Startup-Cost>278.12</Startup-Cost>
                  <Total-Cost>57608353.73</Total-Cost>
                  <Plan-Rows>136288656</Plan-Rows>
                  <Plan-Width>30</Plan-Width>
                  <Output>
                    <Item>inventory.inv_quantity_on_hand</Item>
                    <Item>inventory.inv_item_sk</Item>
                    <Item>inventory.inv_date_sk</Item>
                    <Item>warehouse.w_warehouse_name</Item>
                  </Output>
                  <Hash-Cond>(inventory.inv_warehouse_sk = warehouse.w_warehouse_sk)</Hash-Cond>
                  <Plans>
                    <Plan>
                      <Node-Type>Seq Scan</Node-Type>
                      <Parent-Relationship>Outer</Parent-Relationship>
                      <Relation-Name>inventory</Relation-Name>
                      <Schema>public</Schema>
                      <Alias>inventory</Alias>
                      <Startup-Cost>0.00</Startup-Cost>
                      <Total-Cost>45234251.12</Total-Cost>
                      <Plan-Rows>2936250112</Plan-Rows>
                      <Plan-Width>16</Plan-Width>
                      <Output>
                        <Item>inventory.inv_date_sk</Item>
                        <Item>inventory.inv_item_sk</Item>
                        <Item>inventory.inv_warehouse_sk</Item>
                        <Item>inventory.inv_quantity_on_hand</Item>
                      </Output>
                    </Plan>
                    <Plan>
                      <Node-Type>Hash</Node-Type>
                      <Parent-Relationship>Inner</Parent-Relationship>
                      <Startup-Cost>262.50</Startup-Cost>
                      <Total-Cost>262.50</Total-Cost>
                      <Plan-Rows>1250</Plan-Rows>
                      <Plan-Width>22</Plan-Width>
                      <Output>
                        <Item>warehouse.w_warehouse_name</Item>
                        <Item>warehouse.w_warehouse_sk</Item>
                      </Output>
                      <Plans>
                        <Plan>
                          <Node-Type>Seq Scan</Node-Type>
                          <Parent-Relationship>Outer</Parent-Relationship>
                          <Relation-Name>warehouse</Relation-Name>
                          <Schema>public</Schema>
                          <Alias>warehouse</Alias>
                          <Startup-Cost>0.00</Startup-Cost>
                          <Total-Cost>262.50</Total-Cost>
                          <Plan-Rows>1250</Plan-Rows>
                          <Plan-Width>22</Plan-Width>
                          <Output>
                            <Item>warehouse.w_warehouse_name</Item>
                            <Item>warehouse.w_warehouse_sk</Item>
                          </Output>
                        </Plan>
                      </Plans>
                    </Plan>
                  </Plans>
                </Plan>
                <Plan>
                  <Node-Type>Hash</Node-Type>
                  <Parent-Relationship>Inner</Parent-Relationship>
                  <Startup-Cost>616.33</Startup-Cost>
                  <Total-Cost>616.33</Total-Cost>
                  <Plan-Rows>14541</Plan-Rows>
                  <Plan-Width>4</Plan-Width>
                  <Output>
                    <Item>date_dim.d_date_sk</Item>
                  </Output>
                  <Plans>
                    <Plan>
                      <Node-Type>Index Scan</Node-Type>
                      <Parent-Relationship>Outer</Parent-Relationship>
                      <Scan-Direction>Forward</Scan-Direction>
                      <Index-Name>date_dim_d_date_idx</Index-Name>
                      <Relation-Name>date_dim</Relation-Name>
                      <Schema>public</Schema>
                      <Alias>date_dim</Alias>
                      <Startup-Cost>0.31</Startup-Cost>
                      <Total-Cost>616.33</Total-Cost>
                      <Plan-Rows>14541</Plan-Rows>
                      <Plan-Width>4</Plan-Width>
                      <Output>
                        <Item>date_dim.d_date_sk</Item>
                      </Output>
                      <Index-Cond>((date_dim.d_date &gt;= '2002-01-26'::date) AND (date_dim.d_date &lt;= '2002-03-26'::date))</Index-Cond>
                    </Plan>
                  </Plans>
                </Plan>
              </Plans>
            </Plan>
            <Plan>
              <Node-Type>Index Scan</Node-Type>
              <Parent-Relationship>Inner</Parent-Relationship>
              <Scan-Direction>Forward</Scan-Direction>
              <Index-Name>item_pkey</Index-Name>
              <Relation-Name>item</Relation-Name>
              <Schema>public</Schema>
              <Alias>item</Alias>
              <Startup-Cost>0.31</Startup-Cost>
              <Total-Cost>2.32</Total-Cost>
              <Plan-Rows>1</Plan-Rows>
              <Plan-Width>21</Plan-Width>
              <Output>
                <Item>item.i_item_sk</Item>
                <Item>item.i_item_id</Item>
                <Item>item.i_rec_start_date</Item>
                <Item>item.i_rec_end_date</Item>
                <Item>item.i_item_desc</Item>
                <Item>item.i_current_price</Item>
                <Item>item.i_wholesale_cost</Item>
                <Item>item.i_brand_id</Item>
                <Item>item.i_brand</Item>
                <Item>item.i_class_id</Item>
                <Item>item.i_class</Item>
                <Item>item.i_category_id</Item>
                <Item>item.i_category</Item>
                <Item>item.i_manufact_id</Item>
                <Item>item.i_manufact</Item>
                <Item>item.i_size</Item>
                <Item>item.i_formulation</Item>
                <Item>item.i_color</Item>
                <Item>item.i_units</Item>
                <Item>item.i_container</Item>
                <Item>item.i_manager_id</Item>
                <Item>item.i_product_name</Item>
              </Output>
              <Index-Cond>(item.i_item_sk = inventory.inv_item_sk)</Index-Cond>
              <Filter>((item.i_current_price &gt;= 0.99) AND (item.i_current_price &lt;= 1.49))</Filter>
            </Plan>
          </Plans>
        </Plan>
      </Plans>
    </Plan>
  </Query>
</explain>