<explain xmlns="http://www.postgresql.org/2009/explain">
  <Query>
    <Plan>
      <Node-Type>Aggregate</Node-Type>
      <Strategy>Sorted</Strategy>
      <Startup-Cost>20954128.63</Startup-Cost>
      <Total-Cost>20957317.24</Total-Cost>
      <Plan-Rows>75026</Plan-Rows>
      <Plan-Width>243</Plan-Width>
      <Output>
        <Item>item.i_category</Item>
        <Item>item.i_class</Item>
        <Item>item.i_brand</Item>
        <Item>item.i_product_name</Item>
        <Item>date_dim.d_year</Item>
        <Item>date_dim.d_qoy</Item>
        <Item>date_dim.d_moy</Item>
        <Item>store.s_store_id</Item>
        <Item>sum(COALESCE((store_sales.ss_sales_price * (store_sales.ss_quantity)::numeric), 0::numeric))</Item>
      </Output>
      <Group-Key>
        <Item>item.i_category</Item>
        <Item>item.i_class</Item>
        <Item>item.i_brand</Item>
        <Item>item.i_product_name</Item>
        <Item>date_dim.d_year</Item>
        <Item>date_dim.d_qoy</Item>
        <Item>date_dim.d_moy</Item>
        <Item>store.s_store_id</Item>
      </Group-Key>
      <Plans>
        <Plan>
          <Node-Type>Sort</Node-Type>
          <Parent-Relationship>Outer</Parent-Relationship>
          <Startup-Cost>20954128.63</Startup-Cost>
          <Total-Cost>20954316.20</Total-Cost>
          <Plan-Rows>75026</Plan-Rows>
          <Plan-Width>243</Plan-Width>
          <Output>
            <Item>item.i_category</Item>
            <Item>item.i_class</Item>
            <Item>item.i_brand</Item>
            <Item>item.i_product_name</Item>
            <Item>date_dim.d_year</Item>
            <Item>date_dim.d_qoy</Item>
            <Item>date_dim.d_moy</Item>
            <Item>store.s_store_id</Item>
            <Item>store_sales.ss_sales_price</Item>
            <Item>store_sales.ss_quantity</Item>
          </Output>
          <Sort-Key>
            <Item>item.i_category</Item>
            <Item>item.i_class</Item>
            <Item>item.i_brand</Item>
            <Item>item.i_product_name</Item>
            <Item>date_dim.d_year</Item>
            <Item>date_dim.d_qoy</Item>
            <Item>date_dim.d_moy</Item>
            <Item>store.s_store_id</Item>
          </Sort-Key>
          <Plans>
            <Plan>
              <Node-Type>Nested Loop</Node-Type>
              <Parent-Relationship>Outer</Parent-Relationship>
              <Join-Type>Inner</Join-Type>
              <Startup-Cost>318.26</Startup-Cost>
              <Total-Cost>20948053.36</Total-Cost>
              <Plan-Rows>75026</Plan-Rows>
              <Plan-Width>243</Plan-Width>
              <Output>
                <Item>item.i_category</Item>
                <Item>item.i_class</Item>
                <Item>item.i_brand</Item>
                <Item>item.i_product_name</Item>
                <Item>date_dim.d_year</Item>
                <Item>date_dim.d_qoy</Item>
                <Item>date_dim.d_moy</Item>
                <Item>store.s_store_id</Item>
                <Item>store_sales.ss_sales_price</Item>
                <Item>store_sales.ss_quantity</Item>
              </Output>
              <Plans>
                <Plan>
                  <Node-Type>Hash Join</Node-Type>
                  <Parent-Relationship>Outer</Parent-Relationship>
                  <Join-Type>Inner</Join-Type>
                  <Startup-Cost>317.95</Startup-Cost>
                  <Total-Cost>20742012.60</Total-Cost>
                  <Plan-Rows>89928</Plan-Rows>
                  <Plan-Width>235</Plan-Width>
                  <Output>
                    <Item>store_sales.ss_sales_price</Item>
                    <Item>store_sales.ss_quantity</Item>
                    <Item>store_sales.ss_sold_date_sk</Item>
                    <Item>store.s_store_id</Item>
                    <Item>item.i_category</Item>
                    <Item>item.i_class</Item>
                    <Item>item.i_brand</Item>
                    <Item>item.i_product_name</Item>
                  </Output>
                  <Hash-Cond>(store_sales.ss_store_sk = store.s_store_sk)</Hash-Cond>
                  <Plans>
                    <Plan>
                      <Node-Type>Nested Loop</Node-Type>
                      <Parent-Relationship>Outer</Parent-Relationship>
                      <Join-Type>Inner</Join-Type>
                      <Startup-Cost>0.45</Startup-Cost>
                      <Total-Cost>20668991.54</Total-Cost>
                      <Plan-Rows>11488684</Plan-Rows>
                      <Plan-Width>222</Plan-Width>
                      <Output>
                        <Item>store_sales.ss_sales_price</Item>
                        <Item>store_sales.ss_quantity</Item>
                        <Item>store_sales.ss_sold_date_sk</Item>
                        <Item>store_sales.ss_store_sk</Item>
                        <Item>item.i_category</Item>
                        <Item>item.i_class</Item>
                        <Item>item.i_brand</Item>
                        <Item>item.i_product_name</Item>
                      </Output>
                      <Plans>
                        <Plan>
                          <Node-Type>Seq Scan</Node-Type>
                          <Parent-Relationship>Outer</Parent-Relationship>
                          <Relation-Name>item</Relation-Name>
                          <Schema>public</Schema>
                          <Alias>item</Alias>
                          <Startup-Cost>0.00</Startup-Cost>
                          <Total-Cost>352500.00</Total-Cost>
                          <Plan-Rows>4500000</Plan-Rows>
                          <Plan-Width>208</Plan-Width>
                          <Output>
                            <Item>item.i_item_sk</Item>
                            <Item>item.i_item_id</Item>
                            <Item>item.i_rec_start_date</Item>
                            <Item>item.i_rec_end_date</Item>
                            <Item>item.i_item_desc</Item>
                            <Item>item.i_current_price</Item>
                            <Item>item.i_wholesale_cost</Item>
                            <Item>item.i_brand_id</Item>
                            <Item>item.i_brand</Item>
                            <Item>item.i_class_id</Item>
                            <Item>item.i_class</Item>
                            <Item>item.i_category_id</Item>
                            <Item>item.i_category</Item>
                            <Item>item.i_manufact_id</Item>
                            <Item>item.i_manufact</Item>
                            <Item>item.i_size</Item>
                            <Item>item.i_formulation</Item>
                            <Item>item.i_color</Item>
                            <Item>item.i_units</Item>
                            <Item>item.i_container</Item>
                            <Item>item.i_manager_id</Item>
                            <Item>item.i_product_name</Item>
                          </Output>
                        </Plan>
                        <Plan>
                          <Node-Type>Index Scan</Node-Type>
                          <Parent-Relationship>Inner</Parent-Relationship>
                          <Scan-Direction>Forward</Scan-Direction>
                          <Index-Name>store_sales_pkey</Index-Name>
                          <Relation-Name>store_sales</Relation-Name>
                          <Schema>public</Schema>
                          <Alias>store_sales</Alias>
                          <Startup-Cost>0.45</Startup-Cost>
                          <Total-Cost>4.48</Total-Cost>
                          <Plan-Rows>3</Plan-Rows>
                          <Plan-Width>22</Plan-Width>
                          <Output>
                            <Item>store_sales.ss_sold_date_sk</Item>
                            <Item>store_sales.ss_sold_time_sk</Item>
                            <Item>store_sales.ss_item_sk</Item>
                            <Item>store_sales.ss_customer_sk</Item>
                            <Item>store_sales.ss_cdemo_sk</Item>
                            <Item>store_sales.ss_hdemo_sk</Item>
                            <Item>store_sales.ss_addr_sk</Item>
                            <Item>store_sales.ss_store_sk</Item>
                            <Item>store_sales.ss_promo_sk</Item>
                            <Item>store_sales.ss_ticket_number</Item>
                            <Item>store_sales.ss_quantity</Item>
                            <Item>store_sales.ss_wholesale_cost</Item>
                            <Item>store_sales.ss_list_price</Item>
                            <Item>store_sales.ss_sales_price</Item>
                            <Item>store_sales.ss_ext_discount_amt</Item>
                            <Item>store_sales.ss_ext_sales_price</Item>
                            <Item>store_sales.ss_ext_wholesale_cost</Item>
                            <Item>store_sales.ss_ext_list_price</Item>
                            <Item>store_sales.ss_ext_tax</Item>
                            <Item>store_sales.ss_coupon_amt</Item>
                            <Item>store_sales.ss_net_paid</Item>
                            <Item>store_sales.ss_net_paid_inc_tax</Item>
                            <Item>store_sales.ss_net_profit</Item>
                          </Output>
                          <Index-Cond>(store_sales.ss_item_sk = item.i_item_sk)</Index-Cond>
                        </Plan>
                      </Plans>
                    </Plan>
                    <Plan>
                      <Node-Type>Hash</Node-Type>
                      <Parent-Relationship>Inner</Parent-Relationship>
                      <Startup-Cost>280.00</Startup-Cost>
                      <Total-Cost>280.00</Total-Cost>
                      <Plan-Rows>3000</Plan-Rows>
                      <Plan-Width>21</Plan-Width>
                      <Output>
                        <Item>store.s_store_id</Item>
                        <Item>store.s_store_sk</Item>
                      </Output>
                      <Plans>
                        <Plan>
                          <Node-Type>Seq Scan</Node-Type>
                          <Parent-Relationship>Outer</Parent-Relationship>
                          <Relation-Name>store</Relation-Name>
                          <Schema>public</Schema>
                          <Alias>store</Alias>
                          <Startup-Cost>0.00</Startup-Cost>
                          <Total-Cost>280.00</Total-Cost>
                          <Plan-Rows>3000</Plan-Rows>
                          <Plan-Width>21</Plan-Width>
                          <Output>
                            <Item>store.s_store_id</Item>
                            <Item>store.s_store_sk</Item>
                          </Output>
                        </Plan>
                      </Plans>
                    </Plan>
                  </Plans>
                </Plan>
                <Plan>
                  <Node-Type>Index Scan</Node-Type>
                  <Parent-Relationship>Inner</Parent-Relationship>
                  <Scan-Direction>Forward</Scan-Direction>
                  <Index-Name>date_dim_pkey</Index-Name>
                  <Relation-Name>date_dim</Relation-Name>
                  <Schema>public</Schema>
                  <Alias>date_dim</Alias>
                  <Startup-Cost>0.31</Startup-Cost>
                  <Total-Cost>2.28</Total-Cost>
                  <Plan-Rows>1</Plan-Rows>
                  <Plan-Width>16</Plan-Width>
                  <Output>
                    <Item>date_dim.d_date_sk</Item>
                    <Item>date_dim.d_date_id</Item>
                    <Item>date_dim.d_date</Item>
                    <Item>date_dim.d_month_seq</Item>
                    <Item>date_dim.d_week_seq</Item>
                    <Item>date_dim.d_quarter_seq</Item>
                    <Item>date_dim.d_year</Item>
                    <Item>date_dim.d_dow</Item>
                    <Item>date_dim.d_moy</Item>
                    <Item>date_dim.d_dom</Item>
                    <Item>date_dim.d_qoy</Item>
                    <Item>date_dim.d_fy_year</Item>
                    <Item>date_dim.d_fy_quarter_seq</Item>
                    <Item>date_dim.d_fy_week_seq</Item>
                    <Item>date_dim.d_day_name</Item>
                    <Item>date_dim.d_quarter_name</Item>
                    <Item>date_dim.d_holiday</Item>
                    <Item>date_dim.d_weekend</Item>
                    <Item>date_dim.d_following_holiday</Item>
                    <Item>date_dim.d_first_dom</Item>
                    <Item>date_dim.d_last_dom</Item>
                    <Item>date_dim.d_same_day_ly</Item>
                    <Item>date_dim.d_same_day_lq</Item>
                    <Item>date_dim.d_current_day</Item>
                    <Item>date_dim.d_current_week</Item>
                    <Item>date_dim.d_current_month</Item>
                    <Item>date_dim.d_current_quarter</Item>
                    <Item>date_dim.d_current_year</Item>
                  </Output>
                  <Index-Cond>(date_dim.d_date_sk = store_sales.ss_sold_date_sk)</Index-Cond>
                  <Filter>(date_dim.d_year = 1999)</Filter>
                </Plan>
              </Plans>
            </Plan>
          </Plans>
        </Plan>
      </Plans>
    </Plan>
  </Query>
</explain>