<explain xmlns="http://www.postgresql.org/2009/explain">
  <Query>
    <Plan>
      <Node-Type>Aggregate</Node-Type>
      <Strategy>Sorted</Strategy>
      <Startup-Cost>33730476.17</Startup-Cost>
      <Total-Cost>34489774.80</Total-Cost>
      <Plan-Rows>17865850</Plan-Rows>
      <Plan-Width>243</Plan-Width>
      <Output>
        <Item>item.i_category</Item>
        <Item>item.i_class</Item>
        <Item>item.i_brand</Item>
        <Item>item.i_product_name</Item>
        <Item>date_dim.d_year</Item>
        <Item>date_dim.d_qoy</Item>
        <Item>date_dim.d_moy</Item>
        <Item>store.s_store_id</Item>
        <Item>sum(COALESCE((store_sales.ss_sales_price * (store_sales.ss_quantity)::numeric), 0::numeric))</Item>
      </Output>
      <Group-Key>
        <Item>item.i_category</Item>
        <Item>item.i_class</Item>
        <Item>item.i_brand</Item>
        <Item>item.i_product_name</Item>
        <Item>date_dim.d_year</Item>
        <Item>date_dim.d_qoy</Item>
        <Item>date_dim.d_moy</Item>
        <Item>store.s_store_id</Item>
      </Group-Key>
      <Plans>
        <Plan>
          <Node-Type>Sort</Node-Type>
          <Parent-Relationship>Outer</Parent-Relationship>
          <Startup-Cost>33730476.17</Startup-Cost>
          <Total-Cost>33775140.80</Total-Cost>
          <Plan-Rows>17865850</Plan-Rows>
          <Plan-Width>243</Plan-Width>
          <Output>
            <Item>item.i_category</Item>
            <Item>item.i_class</Item>
            <Item>item.i_brand</Item>
            <Item>item.i_product_name</Item>
            <Item>date_dim.d_year</Item>
            <Item>date_dim.d_qoy</Item>
            <Item>date_dim.d_moy</Item>
            <Item>store.s_store_id</Item>
            <Item>store_sales.ss_sales_price</Item>
            <Item>store_sales.ss_quantity</Item>
          </Output>
          <Sort-Key>
            <Item>item.i_category</Item>
            <Item>item.i_class</Item>
            <Item>item.i_brand</Item>
            <Item>item.i_product_name</Item>
            <Item>date_dim.d_year</Item>
            <Item>date_dim.d_qoy</Item>
            <Item>date_dim.d_moy</Item>
            <Item>store.s_store_id</Item>
          </Sort-Key>
          <Plans>
            <Plan>
              <Node-Type>Hash Join</Node-Type>
              <Parent-Relationship>Outer</Parent-Relationship>
              <Join-Type>Inner</Join-Type>
              <Startup-Cost>541284.54</Startup-Cost>
              <Total-Cost>29146339.60</Total-Cost>
              <Plan-Rows>17865850</Plan-Rows>
              <Plan-Width>243</Plan-Width>
              <Output>
                <Item>item.i_category</Item>
                <Item>item.i_class</Item>
                <Item>item.i_brand</Item>
                <Item>item.i_product_name</Item>
                <Item>date_dim.d_year</Item>
                <Item>date_dim.d_qoy</Item>
                <Item>date_dim.d_moy</Item>
                <Item>store.s_store_id</Item>
                <Item>store_sales.ss_sales_price</Item>
                <Item>store_sales.ss_quantity</Item>
              </Output>
              <Hash-Cond>(store_sales.ss_item_sk = item.i_item_sk)</Hash-Cond>
              <Plans>
                <Plan>
                  <Node-Type>Hash Join</Node-Type>
                  <Parent-Relationship>Outer</Parent-Relationship>
                  <Join-Type>Inner</Join-Type>
                  <Startup-Cost>5092.54</Startup-Cost>
                  <Total-Cost>27856003.22</Total-Cost>
                  <Plan-Rows>17865850</Plan-Rows>
                  <Plan-Width>43</Plan-Width>
                  <Output>
                    <Item>store_sales.ss_sales_price</Item>
                    <Item>store_sales.ss_quantity</Item>
                    <Item>store_sales.ss_item_sk</Item>
                    <Item>date_dim.d_year</Item>
                    <Item>date_dim.d_qoy</Item>
                    <Item>date_dim.d_moy</Item>
                    <Item>store.s_store_id</Item>
                  </Output>
                  <Hash-Cond>(store_sales.ss_store_sk = store.s_store_sk)</Hash-Cond>
                  <Plans>
                    <Plan>
                      <Node-Type>Hash Join</Node-Type>
                      <Parent-Relationship>Outer</Parent-Relationship>
                      <Join-Type>Inner</Join-Type>
                      <Startup-Cost>4775.04</Startup-Cost>
                      <Total-Cost>27543584.26</Total-Cost>
                      <Plan-Rows>21350874</Plan-Rows>
                      <Plan-Width>30</Plan-Width>
                      <Output>
                        <Item>store_sales.ss_sales_price</Item>
                        <Item>store_sales.ss_quantity</Item>
                        <Item>store_sales.ss_item_sk</Item>
                        <Item>store_sales.ss_store_sk</Item>
                        <Item>date_dim.d_year</Item>
                        <Item>date_dim.d_qoy</Item>
                        <Item>date_dim.d_moy</Item>
                      </Output>
                      <Hash-Cond>(store_sales.ss_sold_date_sk = date_dim.d_date_sk)</Hash-Cond>
                      <Plans>
                        <Plan>
                          <Node-Type>Seq Scan</Node-Type>
                          <Parent-Relationship>Outer</Parent-Relationship>
                          <Relation-Name>store_sales</Relation-Name>
                          <Schema>public</Schema>
                          <Alias>store_sales</Alias>
                          <Startup-Cost>0.00</Startup-Cost>
                          <Total-Cost>20124650.24</Total-Cost>
                          <Plan-Rows>720065024</Plan-Rows>
                          <Plan-Width>22</Plan-Width>
                          <Output>
                            <Item>store_sales.ss_sold_date_sk</Item>
                            <Item>store_sales.ss_sold_time_sk</Item>
                            <Item>store_sales.ss_item_sk</Item>
                            <Item>store_sales.ss_customer_sk</Item>
                            <Item>store_sales.ss_cdemo_sk</Item>
                            <Item>store_sales.ss_hdemo_sk</Item>
                            <Item>store_sales.ss_addr_sk</Item>
                            <Item>store_sales.ss_store_sk</Item>
                            <Item>store_sales.ss_promo_sk</Item>
                            <Item>store_sales.ss_ticket_number</Item>
                            <Item>store_sales.ss_quantity</Item>
                            <Item>store_sales.ss_wholesale_cost</Item>
                            <Item>store_sales.ss_list_price</Item>
                            <Item>store_sales.ss_sales_price</Item>
                            <Item>store_sales.ss_ext_discount_amt</Item>
                            <Item>store_sales.ss_ext_sales_price</Item>
                            <Item>store_sales.ss_ext_wholesale_cost</Item>
                            <Item>store_sales.ss_ext_list_price</Item>
                            <Item>store_sales.ss_ext_tax</Item>
                            <Item>store_sales.ss_coupon_amt</Item>
                            <Item>store_sales.ss_net_paid</Item>
                            <Item>store_sales.ss_net_paid_inc_tax</Item>
                            <Item>store_sales.ss_net_profit</Item>
                          </Output>
                        </Plan>
                        <Plan>
                          <Node-Type>Hash</Node-Type>
                          <Parent-Relationship>Inner</Parent-Relationship>
                          <Startup-Cost>3633.66</Startup-Cost>
                          <Total-Cost>3633.66</Total-Cost>
                          <Plan-Rows>91311</Plan-Rows>
                          <Plan-Width>16</Plan-Width>
                          <Output>
                            <Item>date_dim.d_year</Item>
                            <Item>date_dim.d_qoy</Item>
                            <Item>date_dim.d_moy</Item>
                            <Item>date_dim.d_date_sk</Item>
                          </Output>
                          <Plans>
                            <Plan>
                              <Node-Type>Index Scan</Node-Type>
                              <Parent-Relationship>Outer</Parent-Relationship>
                              <Scan-Direction>Forward</Scan-Direction>
                              <Index-Name>date_dim_d_year_idx</Index-Name>
                              <Relation-Name>date_dim</Relation-Name>
                              <Schema>public</Schema>
                              <Alias>date_dim</Alias>
                              <Startup-Cost>0.31</Startup-Cost>
                              <Total-Cost>3633.66</Total-Cost>
                              <Plan-Rows>91311</Plan-Rows>
                              <Plan-Width>16</Plan-Width>
                              <Output>
                                <Item>date_dim.d_year</Item>
                                <Item>date_dim.d_qoy</Item>
                                <Item>date_dim.d_moy</Item>
                                <Item>date_dim.d_date_sk</Item>
                              </Output>
                              <Index-Cond>(date_dim.d_year = 1999)</Index-Cond>
                            </Plan>
                          </Plans>
                        </Plan>
                      </Plans>
                    </Plan>
                    <Plan>
                      <Node-Type>Hash</Node-Type>
                      <Parent-Relationship>Inner</Parent-Relationship>
                      <Startup-Cost>280.00</Startup-Cost>
                      <Total-Cost>280.00</Total-Cost>
                      <Plan-Rows>3000</Plan-Rows>
                      <Plan-Width>21</Plan-Width>
                      <Output>
                        <Item>store.s_store_id</Item>
                        <Item>store.s_store_sk</Item>
                      </Output>
                      <Plans>
                        <Plan>
                          <Node-Type>Seq Scan</Node-Type>
                          <Parent-Relationship>Outer</Parent-Relationship>
                          <Relation-Name>store</Relation-Name>
                          <Schema>public</Schema>
                          <Alias>store</Alias>
                          <Startup-Cost>0.00</Startup-Cost>
                          <Total-Cost>280.00</Total-Cost>
                          <Plan-Rows>3000</Plan-Rows>
                          <Plan-Width>21</Plan-Width>
                          <Output>
                            <Item>store.s_store_id</Item>
                            <Item>store.s_store_sk</Item>
                          </Output>
                        </Plan>
                      </Plans>
                    </Plan>
                  </Plans>
                </Plan>
                <Plan>
                  <Node-Type>Hash</Node-Type>
                  <Parent-Relationship>Inner</Parent-Relationship>
                  <Startup-Cost>352500.00</Startup-Cost>
                  <Total-Cost>352500.00</Total-Cost>
                  <Plan-Rows>4500000</Plan-Rows>
                  <Plan-Width>208</Plan-Width>
                  <Output>
                    <Item>item.i_category</Item>
                    <Item>item.i_class</Item>
                    <Item>item.i_brand</Item>
                    <Item>item.i_product_name</Item>
                    <Item>item.i_item_sk</Item>
                  </Output>
                  <Plans>
                    <Plan>
                      <Node-Type>Seq Scan</Node-Type>
                      <Parent-Relationship>Outer</Parent-Relationship>
                      <Relation-Name>item</Relation-Name>
                      <Schema>public</Schema>
                      <Alias>item</Alias>
                      <Startup-Cost>0.00</Startup-Cost>
                      <Total-Cost>352500.00</Total-Cost>
                      <Plan-Rows>4500000</Plan-Rows>
                      <Plan-Width>208</Plan-Width>
                      <Output>
                        <Item>item.i_category</Item>
                        <Item>item.i_class</Item>
                        <Item>item.i_brand</Item>
                        <Item>item.i_product_name</Item>
                        <Item>item.i_item_sk</Item>
                      </Output>
                    </Plan>
                  </Plans>
                </Plan>
              </Plans>
            </Plan>
          </Plans>
        </Plan>
      </Plans>
    </Plan>
  </Query>
</explain>