<explain xmlns="http://www.postgresql.org/2009/explain">
  <Query>
    <Plan>
      <Node-Type>Aggregate</Node-Type>
      <Strategy>Hashed</Strategy>
      <Startup-Cost>40524325.38</Startup-Cost>
      <Total-Cost>40524325.39</Total-Cost>
      <Plan-Rows>1</Plan-Rows>
      <Plan-Width>208</Plan-Width>
      <Output>
        <Item>item.i_product_name</Item>
        <Item>item.i_brand</Item>
        <Item>item.i_class</Item>
        <Item>item.i_category</Item>
        <Item>sum(inventory.inv_quantity_on_hand)</Item>
      </Output>
      <Group-Key>
        <Item>item.i_product_name</Item>
        <Item>item.i_brand</Item>
        <Item>item.i_class</Item>
        <Item>item.i_category</Item>
      </Group-Key>
      <Plans>
        <Plan>
          <Node-Type>Nested Loop</Node-Type>
          <Parent-Relationship>Outer</Parent-Relationship>
          <Join-Type>Inner</Join-Type>
          <Startup-Cost>279.32</Startup-Cost>
          <Total-Cost>40524325.37</Total-Cost>
          <Plan-Rows>1</Plan-Rows>
          <Plan-Width>208</Plan-Width>
          <Output>
            <Item>inventory.inv_quantity_on_hand</Item>
            <Item>item.i_product_name</Item>
            <Item>item.i_brand</Item>
            <Item>item.i_class</Item>
            <Item>item.i_category</Item>
          </Output>
          <Plans>
            <Plan>
              <Node-Type>Hash Join</Node-Type>
              <Parent-Relationship>Outer</Parent-Relationship>
              <Join-Type>Inner</Join-Type>
              <Startup-Cost>279.02</Startup-Cost>
              <Total-Cost>40524257.85</Total-Cost>
              <Plan-Rows>29</Plan-Rows>
              <Plan-Width>8</Plan-Width>
              <Output>
                <Item>inventory.inv_quantity_on_hand</Item>
                <Item>inventory.inv_item_sk</Item>
              </Output>
              <Hash-Cond>(inventory.inv_warehouse_sk = warehouse.w_warehouse_sk)</Hash-Cond>
              <Plans>
                <Plan>
                  <Node-Type>Nested Loop</Node-Type>
                  <Parent-Relationship>Outer</Parent-Relationship>
                  <Join-Type>Inner</Join-Type>
                  <Startup-Cost>0.89</Startup-Cost>
                  <Total-Cost>40522878.34</Total-Cost>
                  <Plan-Rows>293625</Plan-Rows>
                  <Plan-Width>12</Plan-Width>
                  <Output>
                    <Item>inventory.inv_quantity_on_hand</Item>
                    <Item>inventory.inv_item_sk</Item>
                    <Item>inventory.inv_warehouse_sk</Item>
                  </Output>
                  <Plans>
                    <Plan>
                      <Node-Type>Index Scan</Node-Type>
                      <Parent-Relationship>Outer</Parent-Relationship>
                      <Scan-Direction>Forward</Scan-Direction>
                      <Index-Name>date_dim_d_year_idx</Index-Name>
                      <Relation-Name>date_dim</Relation-Name>
                      <Schema>public</Schema>
                      <Alias>date_dim</Alias>
                      <Startup-Cost>0.31</Startup-Cost>
                      <Total-Cost>3633.66</Total-Cost>
                      <Plan-Rows>91311</Plan-Rows>
                      <Plan-Width>4</Plan-Width>
                      <Output>
                        <Item>date_dim.d_date_sk</Item>
                        <Item>date_dim.d_date_id</Item>
                        <Item>date_dim.d_date</Item>
                        <Item>date_dim.d_month_seq</Item>
                        <Item>date_dim.d_week_seq</Item>
                        <Item>date_dim.d_quarter_seq</Item>
                        <Item>date_dim.d_year</Item>
                        <Item>date_dim.d_dow</Item>
                        <Item>date_dim.d_moy</Item>
                        <Item>date_dim.d_dom</Item>
                        <Item>date_dim.d_qoy</Item>
                        <Item>date_dim.d_fy_year</Item>
                        <Item>date_dim.d_fy_quarter_seq</Item>
                        <Item>date_dim.d_fy_week_seq</Item>
                        <Item>date_dim.d_day_name</Item>
                        <Item>date_dim.d_quarter_name</Item>
                        <Item>date_dim.d_holiday</Item>
                        <Item>date_dim.d_weekend</Item>
                        <Item>date_dim.d_following_holiday</Item>
                        <Item>date_dim.d_first_dom</Item>
                        <Item>date_dim.d_last_dom</Item>
                        <Item>date_dim.d_same_day_ly</Item>
                        <Item>date_dim.d_same_day_lq</Item>
                        <Item>date_dim.d_current_day</Item>
                        <Item>date_dim.d_current_week</Item>
                        <Item>date_dim.d_current_month</Item>
                        <Item>date_dim.d_current_quarter</Item>
                        <Item>date_dim.d_current_year</Item>
                      </Output>
                      <Index-Cond>(date_dim.d_year = 1998)</Index-Cond>
                    </Plan>
                    <Plan>
                      <Node-Type>Index Scan</Node-Type>
                      <Parent-Relationship>Inner</Parent-Relationship>
                      <Scan-Direction>Forward</Scan-Direction>
                      <Index-Name>inventory_pkey</Index-Name>
                      <Relation-Name>inventory</Relation-Name>
                      <Schema>public</Schema>
                      <Alias>inventory</Alias>
                      <Startup-Cost>0.58</Startup-Cost>
                      <Total-Cost>434.75</Total-Cost>
                      <Plan-Rows>900</Plan-Rows>
                      <Plan-Width>16</Plan-Width>
                      <Output>
                        <Item>inventory.inv_date_sk</Item>
                        <Item>inventory.inv_item_sk</Item>
                        <Item>inventory.inv_warehouse_sk</Item>
                        <Item>inventory.inv_quantity_on_hand</Item>
                      </Output>
                      <Index-Cond>(inventory.inv_date_sk = date_dim.d_date_sk)</Index-Cond>
                    </Plan>
                  </Plans>
                </Plan>
                <Plan>
                  <Node-Type>Hash</Node-Type>
                  <Parent-Relationship>Inner</Parent-Relationship>
                  <Startup-Cost>262.50</Startup-Cost>
                  <Total-Cost>262.50</Total-Cost>
                  <Plan-Rows>1250</Plan-Rows>
                  <Plan-Width>4</Plan-Width>
                  <Output>
                    <Item>warehouse.w_warehouse_sk</Item>
                  </Output>
                  <Plans>
                    <Plan>
                      <Node-Type>Seq Scan</Node-Type>
                      <Parent-Relationship>Outer</Parent-Relationship>
                      <Relation-Name>warehouse</Relation-Name>
                      <Schema>public</Schema>
                      <Alias>warehouse</Alias>
                      <Startup-Cost>0.00</Startup-Cost>
                      <Total-Cost>262.50</Total-Cost>
                      <Plan-Rows>1250</Plan-Rows>
                      <Plan-Width>4</Plan-Width>
                      <Output>
                        <Item>warehouse.w_warehouse_sk</Item>
                      </Output>
                    </Plan>
                  </Plans>
                </Plan>
              </Plans>
            </Plan>
            <Plan>
              <Node-Type>Index Scan</Node-Type>
              <Parent-Relationship>Inner</Parent-Relationship>
              <Scan-Direction>Forward</Scan-Direction>
              <Index-Name>item_pkey</Index-Name>
              <Relation-Name>item</Relation-Name>
              <Schema>public</Schema>
              <Alias>item</Alias>
              <Startup-Cost>0.31</Startup-Cost>
              <Total-Cost>2.32</Total-Cost>
              <Plan-Rows>1</Plan-Rows>
              <Plan-Width>208</Plan-Width>
              <Output>
                <Item>item.i_item_sk</Item>
                <Item>item.i_item_id</Item>
                <Item>item.i_rec_start_date</Item>
                <Item>item.i_rec_end_date</Item>
                <Item>item.i_item_desc</Item>
                <Item>item.i_current_price</Item>
                <Item>item.i_wholesale_cost</Item>
                <Item>item.i_brand_id</Item>
                <Item>item.i_brand</Item>
                <Item>item.i_class_id</Item>
                <Item>item.i_class</Item>
                <Item>item.i_category_id</Item>
                <Item>item.i_category</Item>
                <Item>item.i_manufact_id</Item>
                <Item>item.i_manufact</Item>
                <Item>item.i_size</Item>
                <Item>item.i_formulation</Item>
                <Item>item.i_color</Item>
                <Item>item.i_units</Item>
                <Item>item.i_container</Item>
                <Item>item.i_manager_id</Item>
                <Item>item.i_product_name</Item>
              </Output>
              <Index-Cond>(item.i_item_sk = inventory.inv_item_sk)</Index-Cond>
            </Plan>
          </Plans>
        </Plan>
      </Plans>
    </Plan>
  </Query>
</explain>