<explain xmlns="http://www.postgresql.org/2009/explain">
  <Query>
    <Plan>
      <Node-Type>Aggregate</Node-Type>
      <Strategy>Sorted</Strategy>
      <Startup-Cost>733252842.37</Startup-Cost>
      <Total-Cost>759079959.26</Total-Cost>
      <Plan-Rows>450000</Plan-Rows>
      <Plan-Width>208</Plan-Width>
      <Output>
        <Item>item.i_product_name</Item>
        <Item>item.i_brand</Item>
        <Item>item.i_class</Item>
        <Item>item.i_category</Item>
        <Item>sum(inventory.inv_quantity_on_hand)</Item>
      </Output>
      <Group-Key>
        <Item>item.i_product_name</Item>
        <Item>item.i_brand</Item>
        <Item>item.i_class</Item>
        <Item>item.i_category</Item>
      </Group-Key>
      <Plans>
        <Plan>
          <Node-Type>Sort</Node-Type>
          <Parent-Relationship>Outer</Parent-Relationship>
          <Startup-Cost>733252842.37</Startup-Cost>
          <Total-Cost>737556611.85</Total-Cost>
          <Plan-Rows>1721507793</Plan-Rows>
          <Plan-Width>208</Plan-Width>
          <Output>
            <Item>item.i_product_name</Item>
            <Item>item.i_brand</Item>
            <Item>item.i_class</Item>
            <Item>item.i_category</Item>
            <Item>inventory.inv_quantity_on_hand</Item>
          </Output>
          <Sort-Key>
            <Item>item.i_product_name</Item>
            <Item>item.i_brand</Item>
            <Item>item.i_class</Item>
            <Item>item.i_category</Item>
          </Sort-Key>
          <Plans>
            <Plan>
              <Node-Type>Hash Join</Node-Type>
              <Parent-Relationship>Outer</Parent-Relationship>
              <Join-Type>Inner</Join-Type>
              <Startup-Cost>541245.17</Startup-Cost>
              <Total-Cost>169329839.47</Total-Cost>
              <Plan-Rows>1721507793</Plan-Rows>
              <Plan-Width>208</Plan-Width>
              <Output>
                <Item>item.i_product_name</Item>
                <Item>item.i_brand</Item>
                <Item>item.i_class</Item>
                <Item>item.i_category</Item>
                <Item>inventory.inv_quantity_on_hand</Item>
              </Output>
              <Hash-Cond>(inventory.inv_item_sk = item.i_item_sk)</Hash-Cond>
              <Plans>
                <Plan>
                  <Node-Type>Hash Join</Node-Type>
                  <Parent-Relationship>Outer</Parent-Relationship>
                  <Join-Type>Inner</Join-Type>
                  <Startup-Cost>5053.17</Startup-Cost>
                  <Total-Cost>121326192.06</Total-Cost>
                  <Plan-Rows>1967342596</Plan-Rows>
                  <Plan-Width>8</Plan-Width>
                  <Output>
                    <Item>inventory.inv_quantity_on_hand</Item>
                    <Item>inventory.inv_item_sk</Item>
                  </Output>
                  <Hash-Cond>(inventory.inv_warehouse_sk = warehouse.w_warehouse_sk)</Hash-Cond>
                  <Plans>
                    <Plan>
                      <Node-Type>Hash Join</Node-Type>
                      <Parent-Relationship>Outer</Parent-Relationship>
                      <Join-Type>Inner</Join-Type>
                      <Startup-Cost>4775.04</Startup-Cost>
                      <Total-Cost>94274953.24</Total-Cost>
                      <Plan-Rows>1967342596</Plan-Rows>
                      <Plan-Width>12</Plan-Width>
                      <Output>
                        <Item>inventory.inv_quantity_on_hand</Item>
                        <Item>inventory.inv_item_sk</Item>
                        <Item>inventory.inv_warehouse_sk</Item>
                      </Output>
                      <Hash-Cond>(inventory.inv_date_sk = date_dim.d_date_sk)</Hash-Cond>
                      <Plans>
                        <Plan>
                          <Node-Type>Seq Scan</Node-Type>
                          <Parent-Relationship>Outer</Parent-Relationship>
                          <Relation-Name>inventory</Relation-Name>
                          <Schema>public</Schema>
                          <Alias>inventory</Alias>
                          <Startup-Cost>0.00</Startup-Cost>
                          <Total-Cost>45234251.12</Total-Cost>
                          <Plan-Rows>2936250112</Plan-Rows>
                          <Plan-Width>16</Plan-Width>
                          <Output>
                            <Item>inventory.inv_date_sk</Item>
                            <Item>inventory.inv_item_sk</Item>
                            <Item>inventory.inv_warehouse_sk</Item>
                            <Item>inventory.inv_quantity_on_hand</Item>
                          </Output>
                        </Plan>
                        <Plan>
                          <Node-Type>Hash</Node-Type>
                          <Parent-Relationship>Inner</Parent-Relationship>
                          <Startup-Cost>3633.66</Startup-Cost>
                          <Total-Cost>3633.66</Total-Cost>
                          <Plan-Rows>91311</Plan-Rows>
                          <Plan-Width>4</Plan-Width>
                          <Output>
                            <Item>date_dim.d_date_sk</Item>
                          </Output>
                          <Plans>
                            <Plan>
                              <Node-Type>Index Scan</Node-Type>
                              <Parent-Relationship>Outer</Parent-Relationship>
                              <Scan-Direction>Forward</Scan-Direction>
                              <Index-Name>date_dim_d_year_idx</Index-Name>
                              <Relation-Name>date_dim</Relation-Name>
                              <Schema>public</Schema>
                              <Alias>date_dim</Alias>
                              <Startup-Cost>0.31</Startup-Cost>
                              <Total-Cost>3633.66</Total-Cost>
                              <Plan-Rows>91311</Plan-Rows>
                              <Plan-Width>4</Plan-Width>
                              <Output>
                                <Item>date_dim.d_date_sk</Item>
                              </Output>
                              <Index-Cond>(date_dim.d_year = 1998)</Index-Cond>
                            </Plan>
                          </Plans>
                        </Plan>
                      </Plans>
                    </Plan>
                    <Plan>
                      <Node-Type>Hash</Node-Type>
                      <Parent-Relationship>Inner</Parent-Relationship>
                      <Startup-Cost>262.50</Startup-Cost>
                      <Total-Cost>262.50</Total-Cost>
                      <Plan-Rows>1250</Plan-Rows>
                      <Plan-Width>4</Plan-Width>
                      <Output>
                        <Item>warehouse.w_warehouse_sk</Item>
                      </Output>
                      <Plans>
                        <Plan>
                          <Node-Type>Seq Scan</Node-Type>
                          <Parent-Relationship>Outer</Parent-Relationship>
                          <Relation-Name>warehouse</Relation-Name>
                          <Schema>public</Schema>
                          <Alias>warehouse</Alias>
                          <Startup-Cost>0.00</Startup-Cost>
                          <Total-Cost>262.50</Total-Cost>
                          <Plan-Rows>1250</Plan-Rows>
                          <Plan-Width>4</Plan-Width>
                          <Output>
                            <Item>warehouse.w_warehouse_sk</Item>
                          </Output>
                        </Plan>
                      </Plans>
                    </Plan>
                  </Plans>
                </Plan>
                <Plan>
                  <Node-Type>Hash</Node-Type>
                  <Parent-Relationship>Inner</Parent-Relationship>
                  <Startup-Cost>352500.00</Startup-Cost>
                  <Total-Cost>352500.00</Total-Cost>
                  <Plan-Rows>4500000</Plan-Rows>
                  <Plan-Width>208</Plan-Width>
                  <Output>
                    <Item>item.i_product_name</Item>
                    <Item>item.i_brand</Item>
                    <Item>item.i_class</Item>
                    <Item>item.i_category</Item>
                    <Item>item.i_item_sk</Item>
                  </Output>
                  <Plans>
                    <Plan>
                      <Node-Type>Seq Scan</Node-Type>
                      <Parent-Relationship>Outer</Parent-Relationship>
                      <Relation-Name>item</Relation-Name>
                      <Schema>public</Schema>
                      <Alias>item</Alias>
                      <Startup-Cost>0.00</Startup-Cost>
                      <Total-Cost>352500.00</Total-Cost>
                      <Plan-Rows>4500000</Plan-Rows>
                      <Plan-Width>208</Plan-Width>
                      <Output>
                        <Item>item.i_product_name</Item>
                        <Item>item.i_brand</Item>
                        <Item>item.i_class</Item>
                        <Item>item.i_category</Item>
                        <Item>item.i_item_sk</Item>
                      </Output>
                    </Plan>
                  </Plans>
                </Plan>
              </Plans>
            </Plan>
          </Plans>
        </Plan>
      </Plans>
    </Plan>
  </Query>
</explain>