<explain xmlns="http://www.postgresql.org/2009/explain">
  <Query>
    <Plan>
      <Node-Type>Sort</Node-Type>
      <Startup-Cost>359522.20</Startup-Cost>
      <Total-Cost>359523.56</Total-Cost>
      <Plan-Rows>545</Plan-Rows>
      <Plan-Width>26</Plan-Width>
      <Output>
        <Item>warehouse.w_state</Item>
        <Item>item.i_item_id</Item>
        <Item>(sum(catalog_sales.cs_sales_price))</Item>
      </Output>
      <Sort-Key>
        <Item>warehouse.w_state</Item>
        <Item>item.i_item_id</Item>
      </Sort-Key>
      <Plans>
        <Plan>
          <Node-Type>Aggregate</Node-Type>
          <Strategy>Hashed</Strategy>
          <Parent-Relationship>Outer</Parent-Relationship>
          <Startup-Cost>359490.62</Startup-Cost>
          <Total-Cost>359497.43</Total-Cost>
          <Plan-Rows>545</Plan-Rows>
          <Plan-Width>26</Plan-Width>
          <Output>
            <Item>warehouse.w_state</Item>
            <Item>item.i_item_id</Item>
            <Item>sum(catalog_sales.cs_sales_price)</Item>
          </Output>
          <Group-Key>
            <Item>warehouse.w_state</Item>
            <Item>item.i_item_id</Item>
          </Group-Key>
          <Plans>
            <Plan>
              <Node-Type>Hash Join</Node-Type>
              <Parent-Relationship>Outer</Parent-Relationship>
              <Join-Type>Inner</Join-Type>
              <Startup-Cost>12.15</Startup-Cost>
              <Total-Cost>359449.94</Total-Cost>
              <Plan-Rows>5424</Plan-Rows>
              <Plan-Width>26</Plan-Width>
              <Output>
                <Item>catalog_sales.cs_sales_price</Item>
                <Item>warehouse.w_state</Item>
                <Item>item.i_item_id</Item>
              </Output>
              <Hash-Cond>(catalog_sales.cs_warehouse_sk = warehouse.w_warehouse_sk)</Hash-Cond>
              <Plans>
                <Plan>
                  <Node-Type>Nested Loop</Node-Type>
                  <Parent-Relationship>Outer</Parent-Relationship>
                  <Join-Type>Inner</Join-Type>
                  <Startup-Cost>1.03</Startup-Cost>
                  <Total-Cost>359364.15</Total-Cost>
                  <Plan-Rows>5449</Plan-Rows>
                  <Plan-Width>27</Plan-Width>
                  <Output>
                    <Item>catalog_sales.cs_sales_price</Item>
                    <Item>catalog_sales.cs_warehouse_sk</Item>
                    <Item>item.i_item_id</Item>
                  </Output>
                  <Plans>
                    <Plan>
                      <Node-Type>Nested Loop</Node-Type>
                      <Parent-Relationship>Outer</Parent-Relationship>
                      <Join-Type>Inner</Join-Type>
                      <Startup-Cost>0.73</Startup-Cost>
                      <Total-Cost>354117.15</Total-Cost>
                      <Plan-Rows>15853</Plan-Rows>
                      <Plan-Width>14</Plan-Width>
                      <Output>
                        <Item>catalog_sales.cs_sales_price</Item>
                        <Item>catalog_sales.cs_item_sk</Item>
                        <Item>catalog_sales.cs_warehouse_sk</Item>
                      </Output>
                      <Plans>
                        <Plan>
                          <Node-Type>Index Scan</Node-Type>
                          <Parent-Relationship>Outer</Parent-Relationship>
                          <Scan-Direction>Forward</Scan-Direction>
                          <Index-Name>date_dim_d_date_idx</Index-Name>
                          <Relation-Name>date_dim</Relation-Name>
                          <Schema>public</Schema>
                          <Alias>date_dim</Alias>
                          <Startup-Cost>0.30</Startup-Cost>
                          <Total-Cost>26.22</Total-Cost>
                          <Plan-Rows>581</Plan-Rows>
                          <Plan-Width>4</Plan-Width>
                          <Output>
                            <Item>date_dim.d_date_sk</Item>
                            <Item>date_dim.d_date_id</Item>
                            <Item>date_dim.d_date</Item>
                            <Item>date_dim.d_month_seq</Item>
                            <Item>date_dim.d_week_seq</Item>
                            <Item>date_dim.d_quarter_seq</Item>
                            <Item>date_dim.d_year</Item>
                            <Item>date_dim.d_dow</Item>
                            <Item>date_dim.d_moy</Item>
                            <Item>date_dim.d_dom</Item>
                            <Item>date_dim.d_qoy</Item>
                            <Item>date_dim.d_fy_year</Item>
                            <Item>date_dim.d_fy_quarter_seq</Item>
                            <Item>date_dim.d_fy_week_seq</Item>
                            <Item>date_dim.d_day_name</Item>
                            <Item>date_dim.d_quarter_name</Item>
                            <Item>date_dim.d_holiday</Item>
                            <Item>date_dim.d_weekend</Item>
                            <Item>date_dim.d_following_holiday</Item>
                            <Item>date_dim.d_first_dom</Item>
                            <Item>date_dim.d_last_dom</Item>
                            <Item>date_dim.d_same_day_ly</Item>
                            <Item>date_dim.d_same_day_lq</Item>
                            <Item>date_dim.d_current_day</Item>
                            <Item>date_dim.d_current_week</Item>
                            <Item>date_dim.d_current_month</Item>
                            <Item>date_dim.d_current_quarter</Item>
                            <Item>date_dim.d_current_year</Item>
                          </Output>
                          <Index-Cond>((date_dim.d_date &gt;= '2001-01-17'::date) AND (date_dim.d_date &lt;= '2001-03-17'::date))</Index-Cond>
                        </Plan>
                        <Plan>
                          <Node-Type>Index Scan</Node-Type>
                          <Parent-Relationship>Inner</Parent-Relationship>
                          <Scan-Direction>Forward</Scan-Direction>
                          <Index-Name>catalog_sales_cs_sold_date_sk_idx</Index-Name>
                          <Relation-Name>catalog_sales</Relation-Name>
                          <Schema>public</Schema>
                          <Alias>catalog_sales</Alias>
                          <Startup-Cost>0.43</Startup-Cost>
                          <Total-Cost>500.53</Total-Cost>
                          <Plan-Rows>10892</Plan-Rows>
                          <Plan-Width>18</Plan-Width>
                          <Output>
                            <Item>catalog_sales.cs_sold_date_sk</Item>
                            <Item>catalog_sales.cs_sold_time_sk</Item>
                            <Item>catalog_sales.cs_ship_date_sk</Item>
                            <Item>catalog_sales.cs_bill_customer_sk</Item>
                            <Item>catalog_sales.cs_bill_cdemo_sk</Item>
                            <Item>catalog_sales.cs_bill_hdemo_sk</Item>
                            <Item>catalog_sales.cs_bill_addr_sk</Item>
                            <Item>catalog_sales.cs_ship_customer_sk</Item>
                            <Item>catalog_sales.cs_ship_cdemo_sk</Item>
                            <Item>catalog_sales.cs_ship_hdemo_sk</Item>
                            <Item>catalog_sales.cs_ship_addr_sk</Item>
                            <Item>catalog_sales.cs_call_center_sk</Item>
                            <Item>catalog_sales.cs_catalog_page_sk</Item>
                            <Item>catalog_sales.cs_ship_mode_sk</Item>
                            <Item>catalog_sales.cs_warehouse_sk</Item>
                            <Item>catalog_sales.cs_item_sk</Item>
                            <Item>catalog_sales.cs_promo_sk</Item>
                            <Item>catalog_sales.cs_order_number</Item>
                            <Item>catalog_sales.cs_quantity</Item>
                            <Item>catalog_sales.cs_wholesale_cost</Item>
                            <Item>catalog_sales.cs_list_price</Item>
                            <Item>catalog_sales.cs_sales_price</Item>
                            <Item>catalog_sales.cs_ext_discount_amt</Item>
                            <Item>catalog_sales.cs_ext_sales_price</Item>
                            <Item>catalog_sales.cs_ext_wholesale_cost</Item>
                            <Item>catalog_sales.cs_ext_list_price</Item>
                            <Item>catalog_sales.cs_ext_tax</Item>
                            <Item>catalog_sales.cs_coupon_amt</Item>
                            <Item>catalog_sales.cs_ext_ship_cost</Item>
                            <Item>catalog_sales.cs_net_paid</Item>
                            <Item>catalog_sales.cs_net_paid_inc_tax</Item>
                            <Item>catalog_sales.cs_net_paid_inc_ship</Item>
                            <Item>catalog_sales.cs_net_paid_inc_ship_tax</Item>
                            <Item>catalog_sales.cs_net_profit</Item>
                          </Output>
                          <Index-Cond>(catalog_sales.cs_sold_date_sk = date_dim.d_date_sk)</Index-Cond>
                        </Plan>
                      </Plans>
                    </Plan>
                    <Plan>
                      <Node-Type>Index Scan</Node-Type>
                      <Parent-Relationship>Inner</Parent-Relationship>
                      <Scan-Direction>Forward</Scan-Direction>
                      <Index-Name>item_pkey</Index-Name>
                      <Relation-Name>item</Relation-Name>
                      <Schema>public</Schema>
                      <Alias>item</Alias>
                      <Startup-Cost>0.29</Startup-Cost>
                      <Total-Cost>0.32</Total-Cost>
                      <Plan-Rows>1</Plan-Rows>
                      <Plan-Width>21</Plan-Width>
                      <Output>
                        <Item>item.i_item_sk</Item>
                        <Item>item.i_item_id</Item>
                        <Item>item.i_rec_start_date</Item>
                        <Item>item.i_rec_end_date</Item>
                        <Item>item.i_item_desc</Item>
                        <Item>item.i_current_price</Item>
                        <Item>item.i_wholesale_cost</Item>
                        <Item>item.i_brand_id</Item>
                        <Item>item.i_brand</Item>
                        <Item>item.i_class_id</Item>
                        <Item>item.i_class</Item>
                        <Item>item.i_category_id</Item>
                        <Item>item.i_category</Item>
                        <Item>item.i_manufact_id</Item>
                        <Item>item.i_manufact</Item>
                        <Item>item.i_size</Item>
                        <Item>item.i_formulation</Item>
                        <Item>item.i_color</Item>
                        <Item>item.i_units</Item>
                        <Item>item.i_container</Item>
                        <Item>item.i_manager_id</Item>
                        <Item>item.i_product_name</Item>
                      </Output>
                      <Index-Cond>(item.i_item_sk = catalog_sales.cs_item_sk)</Index-Cond>
                      <Filter>((item.i_current_price &gt;= 0.99) AND (item.i_current_price &lt;= 1.49))</Filter>
                    </Plan>
                  </Plans>
                </Plan>
                <Plan>
                  <Node-Type>Hash</Node-Type>
                  <Parent-Relationship>Inner</Parent-Relationship>
                  <Startup-Cost>10.50</Startup-Cost>
                  <Total-Cost>10.50</Total-Cost>
                  <Plan-Rows>50</Plan-Rows>
                  <Plan-Width>7</Plan-Width>
                  <Output>
                    <Item>warehouse.w_state</Item>
                    <Item>warehouse.w_warehouse_sk</Item>
                  </Output>
                  <Plans>
                    <Plan>
                      <Node-Type>Seq Scan</Node-Type>
                      <Parent-Relationship>Outer</Parent-Relationship>
                      <Relation-Name>warehouse</Relation-Name>
                      <Schema>public</Schema>
                      <Alias>warehouse</Alias>
                      <Startup-Cost>0.00</Startup-Cost>
                      <Total-Cost>10.50</Total-Cost>
                      <Plan-Rows>50</Plan-Rows>
                      <Plan-Width>7</Plan-Width>
                      <Output>
                        <Item>warehouse.w_state</Item>
                        <Item>warehouse.w_warehouse_sk</Item>
                      </Output>
                    </Plan>
                  </Plans>
                </Plan>
              </Plans>
            </Plan>
          </Plans>
        </Plan>
      </Plans>
    </Plan>
  </Query>
</explain>