<explain xmlns="http://www.postgresql.org/2009/explain">
  <Query>
    <Plan>
      <Node-Type>Sort</Node-Type>
      <Startup-Cost>661373.28</Startup-Cost>
      <Total-Cost>661374.64</Total-Cost>
      <Plan-Rows>545</Plan-Rows>
      <Plan-Width>26</Plan-Width>
      <Output>
        <Item>warehouse.w_state</Item>
        <Item>item.i_item_id</Item>
        <Item>(sum(catalog_sales.cs_sales_price))</Item>
      </Output>
      <Sort-Key>
        <Item>warehouse.w_state</Item>
        <Item>item.i_item_id</Item>
      </Sort-Key>
      <Plans>
        <Plan>
          <Node-Type>Aggregate</Node-Type>
          <Strategy>Hashed</Strategy>
          <Parent-Relationship>Outer</Parent-Relationship>
          <Startup-Cost>661341.70</Startup-Cost>
          <Total-Cost>661348.51</Total-Cost>
          <Plan-Rows>545</Plan-Rows>
          <Plan-Width>26</Plan-Width>
          <Output>
            <Item>warehouse.w_state</Item>
            <Item>item.i_item_id</Item>
            <Item>sum(catalog_sales.cs_sales_price)</Item>
          </Output>
          <Group-Key>
            <Item>warehouse.w_state</Item>
            <Item>item.i_item_id</Item>
          </Group-Key>
          <Plans>
            <Plan>
              <Node-Type>Hash Join</Node-Type>
              <Parent-Relationship>Outer</Parent-Relationship>
              <Join-Type>Inner</Join-Type>
              <Startup-Cost>8199.43</Startup-Cost>
              <Total-Cost>658012.05</Total-Cost>
              <Plan-Rows>443953</Plan-Rows>
              <Plan-Width>26</Plan-Width>
              <Output>
                <Item>catalog_sales.cs_sales_price</Item>
                <Item>warehouse.w_state</Item>
                <Item>item.i_item_id</Item>
              </Output>
              <Hash-Cond>(catalog_sales.cs_item_sk = item.i_item_sk)</Hash-Cond>
              <Plans>
                <Plan>
                  <Node-Type>Hash Join</Node-Type>
                  <Parent-Relationship>Outer</Parent-Relationship>
                  <Join-Type>Inner</Join-Type>
                  <Startup-Cost>44.61</Startup-Cost>
                  <Total-Cost>635528.94</Total-Cost>
                  <Plan-Rows>1130144</Plan-Rows>
                  <Plan-Width>13</Plan-Width>
                  <Output>
                    <Item>catalog_sales.cs_sales_price</Item>
                    <Item>catalog_sales.cs_item_sk</Item>
                    <Item>warehouse.w_state</Item>
                  </Output>
                  <Hash-Cond>(catalog_sales.cs_sold_date_sk = date_dim.d_date_sk)</Hash-Cond>
                  <Plans>
                    <Plan>
                      <Node-Type>Hash Join</Node-Type>
                      <Parent-Relationship>Outer</Parent-Relationship>
                      <Join-Type>Inner</Join-Type>
                      <Startup-Cost>11.12</Startup-Cost>
                      <Total-Cost>610032.95</Total-Cost>
                      <Plan-Rows>3776283</Plan-Rows>
                      <Plan-Width>17</Plan-Width>
                      <Output>
                        <Item>catalog_sales.cs_sales_price</Item>
                        <Item>catalog_sales.cs_item_sk</Item>
                        <Item>catalog_sales.cs_sold_date_sk</Item>
                        <Item>warehouse.w_state</Item>
                      </Output>
                      <Hash-Cond>(catalog_sales.cs_warehouse_sk = warehouse.w_warehouse_sk)</Hash-Cond>
                      <Plans>
                        <Plan>
                          <Node-Type>Seq Scan</Node-Type>
                          <Parent-Relationship>Outer</Parent-Relationship>
                          <Relation-Name>catalog_sales</Relation-Name>
                          <Schema>public</Schema>
                          <Alias>catalog_sales</Alias>
                          <Startup-Cost>0.00</Startup-Cost>
                          <Total-Cost>518202.00</Total-Cost>
                          <Plan-Rows>14415200</Plan-Rows>
                          <Plan-Width>18</Plan-Width>
                          <Output>
                            <Item>catalog_sales.cs_sold_date_sk</Item>
                            <Item>catalog_sales.cs_sold_time_sk</Item>
                            <Item>catalog_sales.cs_ship_date_sk</Item>
                            <Item>catalog_sales.cs_bill_customer_sk</Item>
                            <Item>catalog_sales.cs_bill_cdemo_sk</Item>
                            <Item>catalog_sales.cs_bill_hdemo_sk</Item>
                            <Item>catalog_sales.cs_bill_addr_sk</Item>
                            <Item>catalog_sales.cs_ship_customer_sk</Item>
                            <Item>catalog_sales.cs_ship_cdemo_sk</Item>
                            <Item>catalog_sales.cs_ship_hdemo_sk</Item>
                            <Item>catalog_sales.cs_ship_addr_sk</Item>
                            <Item>catalog_sales.cs_call_center_sk</Item>
                            <Item>catalog_sales.cs_catalog_page_sk</Item>
                            <Item>catalog_sales.cs_ship_mode_sk</Item>
                            <Item>catalog_sales.cs_warehouse_sk</Item>
                            <Item>catalog_sales.cs_item_sk</Item>
                            <Item>catalog_sales.cs_promo_sk</Item>
                            <Item>catalog_sales.cs_order_number</Item>
                            <Item>catalog_sales.cs_quantity</Item>
                            <Item>catalog_sales.cs_wholesale_cost</Item>
                            <Item>catalog_sales.cs_list_price</Item>
                            <Item>catalog_sales.cs_sales_price</Item>
                            <Item>catalog_sales.cs_ext_discount_amt</Item>
                            <Item>catalog_sales.cs_ext_sales_price</Item>
                            <Item>catalog_sales.cs_ext_wholesale_cost</Item>
                            <Item>catalog_sales.cs_ext_list_price</Item>
                            <Item>catalog_sales.cs_ext_tax</Item>
                            <Item>catalog_sales.cs_coupon_amt</Item>
                            <Item>catalog_sales.cs_ext_ship_cost</Item>
                            <Item>catalog_sales.cs_net_paid</Item>
                            <Item>catalog_sales.cs_net_paid_inc_tax</Item>
                            <Item>catalog_sales.cs_net_paid_inc_ship</Item>
                            <Item>catalog_sales.cs_net_paid_inc_ship_tax</Item>
                            <Item>catalog_sales.cs_net_profit</Item>
                          </Output>
                        </Plan>
                        <Plan>
                          <Node-Type>Hash</Node-Type>
                          <Parent-Relationship>Inner</Parent-Relationship>
                          <Startup-Cost>10.50</Startup-Cost>
                          <Total-Cost>10.50</Total-Cost>
                          <Plan-Rows>50</Plan-Rows>
                          <Plan-Width>7</Plan-Width>
                          <Output>
                            <Item>warehouse.w_state</Item>
                            <Item>warehouse.w_warehouse_sk</Item>
                          </Output>
                          <Plans>
                            <Plan>
                              <Node-Type>Seq Scan</Node-Type>
                              <Parent-Relationship>Outer</Parent-Relationship>
                              <Relation-Name>warehouse</Relation-Name>
                              <Schema>public</Schema>
                              <Alias>warehouse</Alias>
                              <Startup-Cost>0.00</Startup-Cost>
                              <Total-Cost>10.50</Total-Cost>
                              <Plan-Rows>50</Plan-Rows>
                              <Plan-Width>7</Plan-Width>
                              <Output>
                                <Item>warehouse.w_state</Item>
                                <Item>warehouse.w_warehouse_sk</Item>
                              </Output>
                            </Plan>
                          </Plans>
                        </Plan>
                      </Plans>
                    </Plan>
                    <Plan>
                      <Node-Type>Hash</Node-Type>
                      <Parent-Relationship>Inner</Parent-Relationship>
                      <Startup-Cost>26.22</Startup-Cost>
                      <Total-Cost>26.22</Total-Cost>
                      <Plan-Rows>581</Plan-Rows>
                      <Plan-Width>4</Plan-Width>
                      <Output>
                        <Item>date_dim.d_date_sk</Item>
                      </Output>
                      <Plans>
                        <Plan>
                          <Node-Type>Index Scan</Node-Type>
                          <Parent-Relationship>Outer</Parent-Relationship>
                          <Scan-Direction>Forward</Scan-Direction>
                          <Index-Name>date_dim_d_date_idx</Index-Name>
                          <Relation-Name>date_dim</Relation-Name>
                          <Schema>public</Schema>
                          <Alias>date_dim</Alias>
                          <Startup-Cost>0.30</Startup-Cost>
                          <Total-Cost>26.22</Total-Cost>
                          <Plan-Rows>581</Plan-Rows>
                          <Plan-Width>4</Plan-Width>
                          <Output>
                            <Item>date_dim.d_date_sk</Item>
                          </Output>
                          <Index-Cond>((date_dim.d_date &gt;= '2001-01-17'::date) AND (date_dim.d_date &lt;= '2001-03-17'::date))</Index-Cond>
                        </Plan>
                      </Plans>
                    </Plan>
                  </Plans>
                </Plan>
                <Plan>
                  <Node-Type>Hash</Node-Type>
                  <Parent-Relationship>Inner</Parent-Relationship>
                  <Startup-Cost>8018.81</Startup-Cost>
                  <Total-Cost>8018.81</Total-Cost>
                  <Plan-Rows>10881</Plan-Rows>
                  <Plan-Width>21</Plan-Width>
                  <Output>
                    <Item>item.i_item_id</Item>
                    <Item>item.i_item_sk</Item>
                  </Output>
                  <Plans>
                    <Plan>
                      <Node-Type>Bitmap Heap Scan</Node-Type>
                      <Parent-Relationship>Outer</Parent-Relationship>
                      <Relation-Name>item</Relation-Name>
                      <Schema>public</Schema>
                      <Alias>item</Alias>
                      <Startup-Cost>147.03</Startup-Cost>
                      <Total-Cost>8018.81</Total-Cost>
                      <Plan-Rows>10881</Plan-Rows>
                      <Plan-Width>21</Plan-Width>
                      <Output>
                        <Item>item.i_item_id</Item>
                        <Item>item.i_item_sk</Item>
                      </Output>
                      <Recheck-Cond>((item.i_current_price &gt;= 0.99) AND (item.i_current_price &lt;= 1.49))</Recheck-Cond>
                      <Plans>
                        <Plan>
                          <Node-Type>Bitmap Index Scan</Node-Type>
                          <Parent-Relationship>Outer</Parent-Relationship>
                          <Index-Name>item_i_current_price_idx</Index-Name>
                          <Startup-Cost>0.00</Startup-Cost>
                          <Total-Cost>144.30</Total-Cost>
                          <Plan-Rows>10881</Plan-Rows>
                          <Plan-Width>0</Plan-Width>
                          <Index-Cond>((item.i_current_price &gt;= 0.99) AND (item.i_current_price &lt;= 1.49))</Index-Cond>
                        </Plan>
                      </Plans>
                    </Plan>
                  </Plans>
                </Plan>
              </Plans>
            </Plan>
          </Plans>
        </Plan>
      </Plans>
    </Plan>
  </Query>
</explain>