<explain xmlns="http://www.postgresql.org/2009/explain">
  <Query>
    <Plan>
      <Node-Type>Nested Loop</Node-Type>
      <Join-Type>Inner</Join-Type>
      <Startup-Cost>0.72</Startup-Cost>
      <Total-Cost>62650.25</Total-Cost>
      <Plan-Rows>2749</Plan-Rows>
      <Plan-Width>229</Plan-Width>
      <Output>
        <Item>date_dim.d_date_sk</Item>
        <Item>date_dim.d_date_id</Item>
        <Item>date_dim.d_date</Item>
        <Item>date_dim.d_month_seq</Item>
        <Item>date_dim.d_week_seq</Item>
        <Item>date_dim.d_quarter_seq</Item>
        <Item>date_dim.d_year</Item>
        <Item>date_dim.d_dow</Item>
        <Item>date_dim.d_moy</Item>
        <Item>date_dim.d_dom</Item>
        <Item>date_dim.d_qoy</Item>
        <Item>date_dim.d_fy_year</Item>
        <Item>date_dim.d_fy_quarter_seq</Item>
        <Item>date_dim.d_fy_week_seq</Item>
        <Item>date_dim.d_day_name</Item>
        <Item>date_dim.d_quarter_name</Item>
        <Item>date_dim.d_holiday</Item>
        <Item>date_dim.d_weekend</Item>
        <Item>date_dim.d_following_holiday</Item>
        <Item>date_dim.d_first_dom</Item>
        <Item>date_dim.d_last_dom</Item>
        <Item>date_dim.d_same_day_ly</Item>
        <Item>date_dim.d_same_day_lq</Item>
        <Item>date_dim.d_current_day</Item>
        <Item>date_dim.d_current_week</Item>
        <Item>date_dim.d_current_month</Item>
        <Item>date_dim.d_current_quarter</Item>
        <Item>date_dim.d_current_year</Item>
        <Item>store_sales.ss_sold_date_sk</Item>
        <Item>store_sales.ss_sold_time_sk</Item>
        <Item>store_sales.ss_item_sk</Item>
        <Item>store_sales.ss_customer_sk</Item>
        <Item>store_sales.ss_cdemo_sk</Item>
        <Item>store_sales.ss_hdemo_sk</Item>
        <Item>store_sales.ss_addr_sk</Item>
        <Item>store_sales.ss_store_sk</Item>
        <Item>store_sales.ss_promo_sk</Item>
        <Item>store_sales.ss_ticket_number</Item>
        <Item>store_sales.ss_quantity</Item>
        <Item>store_sales.ss_wholesale_cost</Item>
        <Item>store_sales.ss_list_price</Item>
        <Item>store_sales.ss_sales_price</Item>
        <Item>store_sales.ss_ext_discount_amt</Item>
        <Item>store_sales.ss_ext_sales_price</Item>
        <Item>store_sales.ss_ext_wholesale_cost</Item>
        <Item>store_sales.ss_ext_list_price</Item>
        <Item>store_sales.ss_ext_tax</Item>
        <Item>store_sales.ss_coupon_amt</Item>
        <Item>store_sales.ss_net_paid</Item>
        <Item>store_sales.ss_net_paid_inc_tax</Item>
        <Item>store_sales.ss_net_profit</Item>
      </Output>
      <Plans>
        <Plan>
          <Node-Type>Index Scan</Node-Type>
          <Parent-Relationship>Outer</Parent-Relationship>
          <Scan-Direction>Forward</Scan-Direction>
          <Index-Name>date_dim_d_year_idx</Index-Name>
          <Relation-Name>date_dim</Relation-Name>
          <Schema>public</Schema>
          <Alias>date_dim</Alias>
          <Startup-Cost>0.29</Startup-Cost>
          <Total-Cost>68.29</Total-Cost>
          <Plan-Rows>1680</Plan-Rows>
          <Plan-Width>118</Plan-Width>
          <Output>
            <Item>date_dim.d_date_sk</Item>
            <Item>date_dim.d_date_id</Item>
            <Item>date_dim.d_date</Item>
            <Item>date_dim.d_month_seq</Item>
            <Item>date_dim.d_week_seq</Item>
            <Item>date_dim.d_quarter_seq</Item>
            <Item>date_dim.d_year</Item>
            <Item>date_dim.d_dow</Item>
            <Item>date_dim.d_moy</Item>
            <Item>date_dim.d_dom</Item>
            <Item>date_dim.d_qoy</Item>
            <Item>date_dim.d_fy_year</Item>
            <Item>date_dim.d_fy_quarter_seq</Item>
            <Item>date_dim.d_fy_week_seq</Item>
            <Item>date_dim.d_day_name</Item>
            <Item>date_dim.d_quarter_name</Item>
            <Item>date_dim.d_holiday</Item>
            <Item>date_dim.d_weekend</Item>
            <Item>date_dim.d_following_holiday</Item>
            <Item>date_dim.d_first_dom</Item>
            <Item>date_dim.d_last_dom</Item>
            <Item>date_dim.d_same_day_ly</Item>
            <Item>date_dim.d_same_day_lq</Item>
            <Item>date_dim.d_current_day</Item>
            <Item>date_dim.d_current_week</Item>
            <Item>date_dim.d_current_month</Item>
            <Item>date_dim.d_current_quarter</Item>
            <Item>date_dim.d_current_year</Item>
          </Output>
          <Index-Cond>(date_dim.d_year = 2010)</Index-Cond>
        </Plan>
        <Plan>
          <Node-Type>Index Scan</Node-Type>
          <Parent-Relationship>Inner</Parent-Relationship>
          <Scan-Direction>Forward</Scan-Direction>
          <Index-Name>store_sales_ss_sold_date_sk_idx</Index-Name>
          <Relation-Name>store_sales</Relation-Name>
          <Schema>public</Schema>
          <Alias>store_sales</Alias>
          <Startup-Cost>0.43</Startup-Cost>
          <Total-Cost>36.59</Total-Cost>
          <Plan-Rows>66</Plan-Rows>
          <Plan-Width>111</Plan-Width>
          <Output>
            <Item>store_sales.ss_sold_date_sk</Item>
            <Item>store_sales.ss_sold_time_sk</Item>
            <Item>store_sales.ss_item_sk</Item>
            <Item>store_sales.ss_customer_sk</Item>
            <Item>store_sales.ss_cdemo_sk</Item>
            <Item>store_sales.ss_hdemo_sk</Item>
            <Item>store_sales.ss_addr_sk</Item>
            <Item>store_sales.ss_store_sk</Item>
            <Item>store_sales.ss_promo_sk</Item>
            <Item>store_sales.ss_ticket_number</Item>
            <Item>store_sales.ss_quantity</Item>
            <Item>store_sales.ss_wholesale_cost</Item>
            <Item>store_sales.ss_list_price</Item>
            <Item>store_sales.ss_sales_price</Item>
            <Item>store_sales.ss_ext_discount_amt</Item>
            <Item>store_sales.ss_ext_sales_price</Item>
            <Item>store_sales.ss_ext_wholesale_cost</Item>
            <Item>store_sales.ss_ext_list_price</Item>
            <Item>store_sales.ss_ext_tax</Item>
            <Item>store_sales.ss_coupon_amt</Item>
            <Item>store_sales.ss_net_paid</Item>
            <Item>store_sales.ss_net_paid_inc_tax</Item>
            <Item>store_sales.ss_net_profit</Item>
          </Output>
          <Index-Cond>(store_sales.ss_sold_date_sk = date_dim.d_date_sk)</Index-Cond>
        </Plan>
      </Plans>
    </Plan>
  </Query>
</explain>