<explain xmlns="http://www.postgresql.org/2009/explain">
  <Query>
    <Plan>
      <Node-Type>Aggregate</Node-Type>
      <Strategy>Plain</Strategy>
      <Startup-Cost>371797.18</Startup-Cost>
      <Total-Cost>371797.20</Total-Cost>
      <Plan-Rows>1</Plan-Rows>
      <Plan-Width>4</Plan-Width>
      <Output>
        <Item>sum(inventory.inv_quantity_on_hand)</Item>
      </Output>
      <Plans>
        <Plan>
          <Node-Type>Hash Join</Node-Type>
          <Parent-Relationship>Outer</Parent-Relationship>
          <Join-Type>Inner</Join-Type>
          <Startup-Cost>5.25</Startup-Cost>
          <Total-Cost>342434.81</Total-Cost>
          <Plan-Rows>11744950</Plan-Rows>
          <Plan-Width>4</Plan-Width>
          <Output>
            <Item>inventory.inv_quantity_on_hand</Item>
          </Output>
          <Hash-Cond>(inventory.inv_date_sk = date_dim.d_date_sk)</Hash-Cond>
          <Plans>
            <Plan>
              <Node-Type>Seq Scan</Node-Type>
              <Parent-Relationship>Outer</Parent-Relationship>
              <Relation-Name>inventory</Relation-Name>
              <Schema>public</Schema>
              <Alias>inventory</Alias>
              <Startup-Cost>0.00</Startup-Cost>
              <Total-Cost>180936.50</Total-Cost>
              <Plan-Rows>11744950</Plan-Rows>
              <Plan-Width>8</Plan-Width>
              <Output>
                <Item>inventory.inv_date_sk</Item>
                <Item>inventory.inv_item_sk</Item>
                <Item>inventory.inv_warehouse_sk</Item>
                <Item>inventory.inv_quantity_on_hand</Item>
              </Output>
            </Plan>
            <Plan>
              <Node-Type>Hash</Node-Type>
              <Parent-Relationship>Inner</Parent-Relationship>
              <Startup-Cost>4.57</Startup-Cost>
              <Total-Cost>4.57</Total-Cost>
              <Plan-Rows>54</Plan-Rows>
              <Plan-Width>4</Plan-Width>
              <Output>
                <Item>date_dim.d_date_sk</Item>
              </Output>
              <Plans>
                <Plan>
                  <Node-Type>Index Scan</Node-Type>
                  <Parent-Relationship>Outer</Parent-Relationship>
                  <Scan-Direction>Forward</Scan-Direction>
                  <Index-Name>date_dim_d_date_idx</Index-Name>
                  <Relation-Name>date_dim</Relation-Name>
                  <Schema>public</Schema>
                  <Alias>date_dim</Alias>
                  <Startup-Cost>0.29</Startup-Cost>
                  <Total-Cost>4.57</Total-Cost>
                  <Plan-Rows>54</Plan-Rows>
                  <Plan-Width>4</Plan-Width>
                  <Output>
                    <Item>date_dim.d_date_sk</Item>
                  </Output>
                  <Index-Cond>((date_dim.d_date &gt;= '2002-01-26'::date) AND (date_dim.d_date &lt;= '2002-03-26'::date))</Index-Cond>
                </Plan>
              </Plans>
            </Plan>
          </Plans>
        </Plan>
      </Plans>
    </Plan>
  </Query>
</explain>